[2026-05-01 00:13:01] [LOOTBOX] Usuario: Admin_Rogue abrió Caja_Épica. Premio: Minigun (ANOMALÍA_PROB)
[2026-05-01 00:17:17] [ECONOMÍA] Usuario: JugadorNuevo transfirió $14,506,877 a Kendal_G <-- [FRAUDE ECONÓMICO]
[2026-05-01 01:29:17] [LOOTBOX] Usuario: Admin_System abrió Caja_Clásica. Premio: Infernus (ANOMALÍA_PROB)
[2026-05-01 01:56:37] [LOOTBOX] Usuario: Admin_System abrió Caja_Rara. Premio: Minigun (ANOMALÍA_PROB)
[2026-05-01 01:56:58] [LOOTBOX] Usuario: Admin_Rogue abrió Caja_Legendaria. Premio: Infernus (ANOMALÍA_PROB)
[2026-05-01 01:59:13] [LOOTBOX] Usuario: Admin_Rogue abrió Caja_Clásica. Premio: Minigun (ANOMALÍA_PROB)
[2026-05-01 02:18:41] [LOOTBOX] Usuario: Admin_System abrió Caja_Rara. Premio: Minigun (ANOMALÍA_PROB)
[2026-05-01 02:32:17] [LOOTBOX] Usuario: Fabrizio_Larco abrió Caja_Clásica. Premio: $10,000,000 (ANOMALÍA_PROB)
[2026-05-01 02:53:12] [ECONOMÍA] Usuario: JugadorNuevo transfirió $10,252,216 a xX_Sniper_Xx <-- [FRAUDE ECONÓMICO]
[2026-05-01 02:59:40] [LOOTBOX] Usuario: Admin_Rogue abrió Caja_Clásica. Premio: Infernus (ANOMALÍA_PROB)
[2026-05-01 03:04:04] [LOOTBOX] Usuario: Fabrizio_Larco abrió Caja_Legendaria. Premio: Mansión (ANOMALÍA_PROB)
[2026-05-01 03:06:40] [LOOTBOX] Usuario: Admin_System abrió Caja_Clásica. Premio: Infernus (ANOMALÍA_PROB)
[2026-05-01 03:13:03] [LOOTBOX] Usuario: Admin_Rogue abrió Caja_Clásica. Premio: Minigun (ANOMALÍA_PROB)
[2026-05-01 03:27:48] [LOOTBOX] Usuario: Fabrizio_Larco abrió Caja_Clásica. Premio: Infernus (ANOMALÍA_PROB)
[2026-05-01 03:54:09] [LOOTBOX] Usuario: Fabrizio_Larco abrió Caja_Rara. Premio: Mansión (ANOMALÍA_PROB)
[2026-05-01 04:33:16] [ECONOMÍA] Usuario: JugadorNuevo transfirió $10,265,759 a Ryder_Smoke <-- [FRAUDE ECONÓMICO]
[2026-05-01 05:04:33] [LOOTBOX] Usuario: Admin_Rogue abrió Caja_Clásica. Premio: Infernus (ANOMALÍA_PROB)
[2026-05-01 05:10:06] [LOOTBOX] Usuario: Admin_Rogue abrió Caja_Clásica. Premio: $10,000,000 (ANOMALÍA_PROB)
[2026-05-01 05:43:30] [ECONOMÍA] Usuario: JugadorNuevo transfirió $5,436,189 a Ryder_Smoke <-- [FRAUDE ECONÓMICO]
[2026-05-01 05:53:49] [LOOTBOX] Usuario: Admin_Rogue abrió Caja_Clásica. Premio: Minigun (ANOMALÍA_PROB)
[2026-05-01 06:10:15] [LOOTBOX] Usuario: Admin_System abrió Caja_Legendaria. Premio: Mansión (ANOMALÍA_PROB)
[2026-05-01 06:17:59] [LOOTBOX] Usuario: Admin_System abrió Caja_Legendaria. Premio: Mansión (ANOMALÍA_PROB)
[2026-05-01 06:22:18] [ECONOMÍA] Usuario: JugadorNuevo transfirió $5,500,615 a Kendal_G <-- [FRAUDE ECONÓMICO]
[2026-05-01 06:25:33] [ECONOMÍA] Usuario: JugadorNuevo transfirió $6,294,450 a Kendal_G <-- [FRAUDE ECONÓMICO]
[2026-05-01 06:27:53] [LOOTBOX] Usuario: Admin_System abrió Caja_Clásica. Premio: Minigun (ANOMALÍA_PROB)
[2026-05-01 06:30:08] [ECONOMÍA] Usuario: JugadorNuevo transfirió $11,431,229 a Ryder_Smoke <-- [FRAUDE ECONÓMICO]
[2026-05-01 06:41:58] [LOOTBOX] Usuario: Admin_System abrió Caja_Épica. Premio: $10,000,000 (ANOMALÍA_PROB)
[2026-05-01 06:50:29] [LOOTBOX] Usuario: Admin_System abrió Caja_Rara. Premio: Minigun (ANOMALÍA_PROB)
[2026-05-01 07:24:07] [LOOTBOX] Usuario: Admin_Rogue abrió Caja_Rara. Premio: $10,000,000 (ANOMALÍA_PROB)
[2026-05-01 07:33:04] [LOOTBOX] Usuario: Admin_System abrió Caja_Clásica. Premio: $10,000,000 (ANOMALÍA_PROB)
[2026-05-01 07:40:16] [LOOTBOX] Usuario: Admin_Rogue abrió Caja_Clásica. Premio: Minigun (ANOMALÍA_PROB)
[2026-05-01 07:50:10] [LOOTBOX] Usuario: Fabrizio_Larco abrió Caja_Clásica. Premio: Infernus (ANOMALÍA_PROB)
[2026-05-01 08:27:46] [LOOTBOX] Usuario: Admin_Rogue abrió Caja_Rara. Premio: $10,000,000 (ANOMALÍA_PROB)
[2026-05-01 08:32:43] [LOOTBOX] Usuario: Admin_Rogue abrió Caja_Clásica. Premio: Infernus (ANOMALÍA_PROB)
[2026-05-01 08:36:49] [ECONOMÍA] Usuario: JugadorNuevo transfirió $7,904,750 a CJ_Master <-- [FRAUDE ECONÓMICO]
[2026-05-01 09:25:42] [LOOTBOX] Usuario: Fabrizio_Larco abrió Caja_Rara. Premio: Mansión (ANOMALÍA_PROB)
[2026-05-01 09:40:33] [LOOTBOX] Usuario: Fabrizio_Larco abrió Caja_Rara. Premio: Infernus (ANOMALÍA_PROB)
[2026-05-01 11:05:28] [LOOTBOX] Usuario: Fabrizio_Larco abrió Caja_Legendaria. Premio: Infernus (ANOMALÍA_PROB)
[2026-05-01 11:20:01] [ECONOMÍA] Usuario: JugadorNuevo transfirió $9,224,154 a CJ_Master <-- [FRAUDE ECONÓMICO]
[2026-05-01 11:25:31] [LOOTBOX] Usuario: Admin_System abrió Caja_Clásica. Premio: Infernus (ANOMALÍA_PROB)
[2026-05-01 11:27:47] [LOOTBOX] Usuario: Admin_System abrió Caja_Rara. Premio: Minigun (ANOMALÍA_PROB)
[2026-05-01 11:32:39] [LOOTBOX] Usuario: Admin_System abrió Caja_Rara. Premio: Mansión (ANOMALÍA_PROB)
[2026-05-01 11:59:36] [ECONOMÍA] Usuario: JugadorNuevo transfirió $11,293,360 a Tommy_V <-- [FRAUDE ECONÓMICO]
[2026-05-01 12:00:11] [LOOTBOX] Usuario: Admin_System abrió Caja_Épica. Premio: Mansión (ANOMALÍA_PROB)
[2026-05-01 12:29:37] [ECONOMÍA] Usuario: JugadorNuevo transfirió $6,297,651 a Ryder_Smoke <-- [FRAUDE ECONÓMICO]
[2026-05-01 12:39:57] [LOOTBOX] Usuario: Admin_System abrió Caja_Clásica. Premio: Minigun (ANOMALÍA_PROB)
[2026-05-01 12:56:32] [LOOTBOX] Usuario: Fabrizio_Larco abrió Caja_Clásica. Premio: Infernus (ANOMALÍA_PROB)
[2026-05-01 14:01:45] [LOOTBOX] Usuario: Admin_System abrió Caja_Rara. Premio: Minigun (ANOMALÍA_PROB)
[2026-05-01 14:10:44] [ECONOMÍA] Usuario: JugadorNuevo transfirió $12,956,129 a Ryder_Smoke <-- [FRAUDE ECONÓMICO]
[2026-05-01 14:44:11] [LOOTBOX] Usuario: Admin_System abrió Caja_Rara. Premio: Minigun (ANOMALÍA_PROB)
[2026-05-01 14:52:50] [LOOTBOX] Usuario: Admin_System abrió Caja_Clásica. Premio: Minigun (ANOMALÍA_PROB)
[2026-05-01 15:03:55] [LOOTBOX] Usuario: Admin_Rogue abrió Caja_Rara. Premio: Minigun (ANOMALÍA_PROB)
[2026-05-01 15:39:43] [LOOTBOX] Usuario: Fabrizio_Larco abrió Caja_Rara. Premio: Minigun (ANOMALÍA_PROB)
[2026-05-01 15:49:10] [ECONOMÍA] Usuario: JugadorNuevo transfirió $11,686,214 a Tommy_V <-- [FRAUDE ECONÓMICO]
[2026-05-01 15:53:04] [LOOTBOX] Usuario: Admin_System abrió Caja_Clásica. Premio: Infernus (ANOMALÍA_PROB)
[2026-05-01 16:10:32] [LOOTBOX] Usuario: Admin_Rogue abrió Caja_Clásica. Premio: $10,000,000 (ANOMALÍA_PROB)
[2026-05-01 16:16:33] [ECONOMÍA] Usuario: JugadorNuevo transfirió $9,543,922 a CJ_Master <-- [FRAUDE ECONÓMICO]
[2026-05-01 16:22:24] [LOOTBOX] Usuario: Admin_Rogue abrió Caja_Clásica. Premio: Minigun (ANOMALÍA_PROB)
[2026-05-01 16:48:56] [LOOTBOX] Usuario: Admin_Rogue abrió Caja_Rara. Premio: Minigun (ANOMALÍA_PROB)
[2026-05-01 16:58:03] [LOOTBOX] Usuario: Admin_System abrió Caja_Clásica. Premio: $10,000,000 (ANOMALÍA_PROB)
[2026-05-01 17:16:18] [LOOTBOX] Usuario: Admin_Rogue abrió Caja_Épica. Premio: Mansión (ANOMALÍA_PROB)
[2026-05-01 17:41:34] [LOOTBOX] Usuario: Fabrizio_Larco abrió Caja_Clásica. Premio: $10,000,000 (ANOMALÍA_PROB)
[2026-05-01 17:48:29] [ECONOMÍA] Usuario: JugadorNuevo transfirió $5,525,372 a CJ_Master <-- [FRAUDE ECONÓMICO]
[2026-05-01 18:55:17] [LOOTBOX] Usuario: Admin_Rogue abrió Caja_Clásica. Premio: Minigun (ANOMALÍA_PROB)
[2026-05-01 19:09:52] [LOOTBOX] Usuario: Fabrizio_Larco abrió Caja_Clásica. Premio: $10,000,000 (ANOMALÍA_PROB)
[2026-05-01 19:25:46] [LOOTBOX] Usuario: Admin_Rogue abrió Caja_Rara. Premio: Mansión (ANOMALÍA_PROB)
[2026-05-01 20:17:06] [LOOTBOX] Usuario: Fabrizio_Larco abrió Caja_Rara. Premio: $10,000,000 (ANOMALÍA_PROB)
[2026-05-01 20:20:01] [LOOTBOX] Usuario: Admin_System abrió Caja_Clásica. Premio: $10,000,000 (ANOMALÍA_PROB)
[2026-05-01 20:25:25] [ECONOMÍA] Usuario: JugadorNuevo transfirió $10,500,583 a xX_Sniper_Xx <-- [FRAUDE ECONÓMICO]
[2026-05-01 21:04:00] [LOOTBOX] Usuario: Admin_System abrió Caja_Clásica. Premio: Mansión (ANOMALÍA_PROB)
[2026-05-01 21:05:53] [LOOTBOX] Usuario: Admin_System abrió Caja_Rara. Premio: Mansión (ANOMALÍA_PROB)
[2026-05-01 21:09:07] [ECONOMÍA] Usuario: JugadorNuevo transfirió $10,928,470 a Tommy_V <-- [FRAUDE ECONÓMICO]
[2026-05-01 21:12:59] [LOOTBOX] Usuario: Admin_System abrió Caja_Clásica. Premio: Mansión (ANOMALÍA_PROB)
[2026-05-01 21:13:10] [LOOTBOX] Usuario: Fabrizio_Larco abrió Caja_Rara. Premio: Minigun (ANOMALÍA_PROB)
[2026-05-01 21:16:18] [LOOTBOX] Usuario: Admin_Rogue abrió Caja_Clásica. Premio: Mansión (ANOMALÍA_PROB)
[2026-05-01 21:30:43] [LOOTBOX] Usuario: Admin_Rogue abrió Caja_Clásica. Premio: Infernus (ANOMALÍA_PROB)
[2026-05-01 21:41:01] [LOOTBOX] Usuario: Admin_Rogue abrió Caja_Clásica. Premio: Mansión (ANOMALÍA_PROB)
[2026-05-01 21:59:24] [LOOTBOX] Usuario: Admin_Rogue abrió Caja_Clásica. Premio: Mansión (ANOMALÍA_PROB)
[2026-05-01 22:03:08] [LOOTBOX] Usuario: Admin_Rogue abrió Caja_Clásica. Premio: Minigun (ANOMALÍA_PROB)
[2026-05-01 22:08:49] [LOOTBOX] Usuario: Fabrizio_Larco abrió Caja_Clásica. Premio: $10,000,000 (ANOMALÍA_PROB)
[2026-05-01 22:14:59] [LOOTBOX] Usuario: Admin_System abrió Caja_Clásica. Premio: $10,000,000 (ANOMALÍA_PROB)
[2026-05-01 22:20:57] [ECONOMÍA] Usuario: JugadorNuevo transfirió $14,458,237 a Tommy_V <-- [FRAUDE ECONÓMICO]
[2026-05-01 22:38:06] [LOOTBOX] Usuario: Admin_System abrió Caja_Clásica. Premio: Minigun (ANOMALÍA_PROB)
[2026-05-01 22:39:50] [LOOTBOX] Usuario: Admin_Rogue abrió Caja_Clásica. Premio: Infernus (ANOMALÍA_PROB)
[2026-05-01 22:40:27] [LOOTBOX] Usuario: Fabrizio_Larco abrió Caja_Rara. Premio: Mansión (ANOMALÍA_PROB)
[2026-05-01 22:46:54] [LOOTBOX] Usuario: Fabrizio_Larco abrió Caja_Clásica. Premio: Minigun (ANOMALÍA_PROB)
[2026-05-01 23:00:49] [LOOTBOX] Usuario: Fabrizio_Larco abrió Caja_Rara. Premio: Minigun (ANOMALÍA_PROB)
[2026-05-01 23:06:28] [ECONOMÍA] Usuario: JugadorNuevo transfirió $8,044,712 a CJ_Master <-- [FRAUDE ECONÓMICO]
[2026-05-01 23:13:41] [LOOTBOX] Usuario: Fabrizio_Larco abrió Caja_Rara. Premio: Infernus (ANOMALÍA_PROB)
[2026-05-01 23:30:10] [LOOTBOX] Usuario: Admin_Rogue abrió Caja_Legendaria. Premio: Mansión (ANOMALÍA_PROB)
[2026-05-01 23:49:09] [LOOTBOX] Usuario: Fabrizio_Larco abrió Caja_Rara. Premio: Infernus (ANOMALÍA_PROB)
[2026-05-02 00:08:51] [LOOTBOX] Usuario: Fabrizio_Larco abrió Caja_Clásica. Premio: Infernus (ANOMALÍA_PROB)
[2026-05-02 00:19:00] [LOOTBOX] Usuario: Admin_System abrió Caja_Clásica. Premio: $10,000,000 (ANOMALÍA_PROB)
[2026-05-02 00:22:53] [LOOTBOX] Usuario: Fabrizio_Larco abrió Caja_Rara. Premio: Minigun (ANOMALÍA_PROB)
[2026-05-02 00:23:26] [LOOTBOX] Usuario: Fabrizio_Larco abrió Caja_Legendaria. Premio: Infernus (ANOMALÍA_PROB)
[2026-05-02 00:28:20] [LOOTBOX] Usuario: Fabrizio_Larco abrió Caja_Clásica. Premio: $10,000,000 (ANOMALÍA_PROB)
[2026-05-02 00:29:49] [LOOTBOX] Usuario: Admin_Rogue abrió Caja_Clásica. Premio: $10,000,000 (ANOMALÍA_PROB)
[2026-05-02 00:29:51] [LOOTBOX] Usuario: Admin_System abrió Caja_Clásica. Premio: Mansión (ANOMALÍA_PROB)
[2026-05-02 00:44:28] [ECONOMÍA] Usuario: JugadorNuevo transfirió $8,804,017 a xX_Sniper_Xx <-- [FRAUDE ECONÓMICO]
[2026-05-02 00:55:08] [ECONOMÍA] Usuario: JugadorNuevo transfirió $12,002,444 a Kendal_G <-- [FRAUDE ECONÓMICO]
[2026-05-02 01:15:40] [LOOTBOX] Usuario: Fabrizio_Larco abrió Caja_Rara. Premio: Mansión (ANOMALÍA_PROB)
[2026-05-02 01:20:47] [LOOTBOX] Usuario: Fabrizio_Larco abrió Caja_Épica. Premio: Infernus (ANOMALÍA_PROB)
[2026-05-02 01:21:53] [LOOTBOX] Usuario: Admin_System abrió Caja_Rara. Premio: Minigun (ANOMALÍA_PROB)
[2026-05-02 01:45:57] [LOOTBOX] Usuario: Fabrizio_Larco abrió Caja_Clásica. Premio: $10,000,000 (ANOMALÍA_PROB)
[2026-05-02 01:56:38] [LOOTBOX] Usuario: Admin_System abrió Caja_Legendaria. Premio: Mansión (ANOMALÍA_PROB)
[2026-05-02 02:20:39] [LOOTBOX] Usuario: Admin_Rogue abrió Caja_Épica. Premio: Infernus (ANOMALÍA_PROB)
[2026-05-02 02:53:53] [LOOTBOX] Usuario: Admin_System abrió Caja_Clásica. Premio: Mansión (ANOMALÍA_PROB)
[2026-05-02 02:54:21] [LOOTBOX] Usuario: Admin_System abrió Caja_Épica. Premio: Minigun (ANOMALÍA_PROB)
[2026-05-02 02:56:09] [LOOTBOX] Usuario: Fabrizio_Larco abrió Caja_Rara. Premio: $10,000,000 (ANOMALÍA_PROB)
[2026-05-02 03:19:29] [ECONOMÍA] Usuario: JugadorNuevo transfirió $13,903,632 a Ryder_Smoke <-- [FRAUDE ECONÓMICO]
[2026-05-02 03:20:19] [ECONOMÍA] Usuario: JugadorNuevo transfirió $11,388,670 a Ryder_Smoke <-- [FRAUDE ECONÓMICO]
[2026-05-02 03:42:19] [LOOTBOX] Usuario: Admin_System abrió Caja_Clásica. Premio: $10,000,000 (ANOMALÍA_PROB)
[2026-05-02 03:55:04] [LOOTBOX] Usuario: Fabrizio_Larco abrió Caja_Clásica. Premio: Mansión (ANOMALÍA_PROB)
[2026-05-02 04:28:43] [LOOTBOX] Usuario: Fabrizio_Larco abrió Caja_Épica. Premio: $10,000,000 (ANOMALÍA_PROB)
[2026-05-02 04:29:45] [ECONOMÍA] Usuario: JugadorNuevo transfirió $10,553,264 a xX_Sniper_Xx <-- [FRAUDE ECONÓMICO]
[2026-05-02 05:12:08] [LOOTBOX] Usuario: Fabrizio_Larco abrió Caja_Rara. Premio: Mansión (ANOMALÍA_PROB)
[2026-05-02 05:33:28] [LOOTBOX] Usuario: Admin_System abrió Caja_Clásica. Premio: Mansión (ANOMALÍA_PROB)
[2026-05-02 05:53:22] [LOOTBOX] Usuario: Admin_System abrió Caja_Clásica. Premio: $10,000,000 (ANOMALÍA_PROB)
[2026-05-02 06:02:25] [LOOTBOX] Usuario: Admin_System abrió Caja_Clásica. Premio: Mansión (ANOMALÍA_PROB)
[2026-05-02 06:05:46] [LOOTBOX] Usuario: Fabrizio_Larco abrió Caja_Clásica. Premio: Infernus (ANOMALÍA_PROB)
[2026-05-02 06:34:13] [ECONOMÍA] Usuario: JugadorNuevo transfirió $9,673,569 a Tommy_V <-- [FRAUDE ECONÓMICO]
[2026-05-02 07:08:29] [LOOTBOX] Usuario: Admin_System abrió Caja_Clásica. Premio: Infernus (ANOMALÍA_PROB)
[2026-05-02 07:10:33] [LOOTBOX] Usuario: Admin_System abrió Caja_Épica. Premio: Mansión (ANOMALÍA_PROB)
[2026-05-02 07:20:57] [LOOTBOX] Usuario: Fabrizio_Larco abrió Caja_Épica. Premio: Mansión (ANOMALÍA_PROB)
[2026-05-02 08:17:05] [ECONOMÍA] Usuario: JugadorNuevo transfirió $10,633,566 a Tommy_V <-- [FRAUDE ECONÓMICO]
[2026-05-02 08:24:51] [LOOTBOX] Usuario: Fabrizio_Larco abrió Caja_Clásica. Premio: Minigun (ANOMALÍA_PROB)
[2026-05-02 08:57:17] [LOOTBOX] Usuario: Admin_Rogue abrió Caja_Rara. Premio: $10,000,000 (ANOMALÍA_PROB)
[2026-05-02 09:12:25] [LOOTBOX] Usuario: Fabrizio_Larco abrió Caja_Clásica. Premio: Mansión (ANOMALÍA_PROB)
[2026-05-02 09:20:27] [LOOTBOX] Usuario: Admin_Rogue abrió Caja_Clásica. Premio: Mansión (ANOMALÍA_PROB)
[2026-05-02 09:44:38] [LOOTBOX] Usuario: Admin_System abrió Caja_Clásica. Premio: Minigun (ANOMALÍA_PROB)
[2026-05-02 10:12:23] [LOOTBOX] Usuario: Admin_System abrió Caja_Legendaria. Premio: Minigun (ANOMALÍA_PROB)
[2026-05-02 10:38:19] [LOOTBOX] Usuario: Admin_System abrió Caja_Clásica. Premio: Infernus (ANOMALÍA_PROB)
[2026-05-02 10:49:23] [LOOTBOX] Usuario: Admin_System abrió Caja_Rara. Premio: Mansión (ANOMALÍA_PROB)
[2026-05-02 10:49:36] [ECONOMÍA] Usuario: JugadorNuevo transfirió $7,331,475 a Ryder_Smoke <-- [FRAUDE ECONÓMICO]
[2026-05-02 11:25:59] [LOOTBOX] Usuario: Admin_Rogue abrió Caja_Rara. Premio: Infernus (ANOMALÍA_PROB)
[2026-05-02 11:32:25] [ECONOMÍA] Usuario: JugadorNuevo transfirió $7,529,433 a CJ_Master <-- [FRAUDE ECONÓMICO]
[2026-05-02 11:34:20] [LOOTBOX] Usuario: Fabrizio_Larco abrió Caja_Clásica. Premio: Infernus (ANOMALÍA_PROB)
[2026-05-02 12:05:34] [ECONOMÍA] Usuario: JugadorNuevo transfirió $5,429,257 a CJ_Master <-- [FRAUDE ECONÓMICO]
[2026-05-02 12:11:07] [LOOTBOX] Usuario: Admin_Rogue abrió Caja_Clásica. Premio: Minigun (ANOMALÍA_PROB)
[2026-05-02 12:38:58] [LOOTBOX] Usuario: Admin_System abrió Caja_Clásica. Premio: Minigun (ANOMALÍA_PROB)
[2026-05-02 12:44:49] [LOOTBOX] Usuario: Admin_System abrió Caja_Clásica. Premio: Minigun (ANOMALÍA_PROB)
[2026-05-02 13:04:31] [LOOTBOX] Usuario: Admin_Rogue abrió Caja_Clásica. Premio: Mansión (ANOMALÍA_PROB)
[2026-05-02 13:16:40] [LOOTBOX] Usuario: Admin_Rogue abrió Caja_Épica. Premio: Infernus (ANOMALÍA_PROB)
[2026-05-02 13:39:23] [LOOTBOX] Usuario: Admin_System abrió Caja_Clásica. Premio: Minigun (ANOMALÍA_PROB)
[2026-05-02 13:49:44] [LOOTBOX] Usuario: Admin_System abrió Caja_Clásica. Premio: Infernus (ANOMALÍA_PROB)
[2026-05-02 14:48:28] [ECONOMÍA] Usuario: JugadorNuevo transfirió $12,285,194 a Tommy_V <-- [FRAUDE ECONÓMICO]
[2026-05-02 14:52:49] [LOOTBOX] Usuario: Admin_Rogue abrió Caja_Legendaria. Premio: Infernus (ANOMALÍA_PROB)
[2026-05-02 14:59:03] [LOOTBOX] Usuario: Admin_Rogue abrió Caja_Épica. Premio: $10,000,000 (ANOMALÍA_PROB)
[2026-05-02 14:59:31] [LOOTBOX] Usuario: Admin_System abrió Caja_Rara. Premio: Mansión (ANOMALÍA_PROB)
[2026-05-02 15:19:20] [LOOTBOX] Usuario: Fabrizio_Larco abrió Caja_Clásica. Premio: Infernus (ANOMALÍA_PROB)
[2026-05-02 15:30:16] [LOOTBOX] Usuario: Fabrizio_Larco abrió Caja_Clásica. Premio: Minigun (ANOMALÍA_PROB)
[2026-05-02 15:34:46] [ECONOMÍA] Usuario: JugadorNuevo transfirió $7,866,958 a Kendal_G <-- [FRAUDE ECONÓMICO]
[2026-05-02 15:38:21] [LOOTBOX] Usuario: Fabrizio_Larco abrió Caja_Clásica. Premio: Infernus (ANOMALÍA_PROB)
[2026-05-02 15:41:25] [ECONOMÍA] Usuario: JugadorNuevo transfirió $6,591,123 a Kendal_G <-- [FRAUDE ECONÓMICO]
[2026-05-02 16:15:23] [ECONOMÍA] Usuario: JugadorNuevo transfirió $9,376,346 a Kendal_G <-- [FRAUDE ECONÓMICO]
[2026-05-02 16:58:24] [LOOTBOX] Usuario: Admin_Rogue abrió Caja_Rara. Premio: Mansión (ANOMALÍA_PROB)
[2026-05-02 17:13:14] [ECONOMÍA] Usuario: JugadorNuevo transfirió $9,264,786 a Ryder_Smoke <-- [FRAUDE ECONÓMICO]
[2026-05-02 17:35:23] [LOOTBOX] Usuario: Admin_Rogue abrió Caja_Clásica. Premio: Infernus (ANOMALÍA_PROB)
[2026-05-02 17:56:08] [ECONOMÍA] Usuario: JugadorNuevo transfirió $9,481,430 a Tommy_V <-- [FRAUDE ECONÓMICO]
