[2026-05-01 00:06:23] [LOOTBOX] Usuario: Admin_System abrió Caja_Clásica. Premio: Mansión (ANOMALÍA_PROB)
[2026-05-01 00:16:27] [LOOTBOX] Usuario: Admin_System abrió Caja_Épica. Premio: Infernus (ANOMALÍA_PROB)
[2026-05-01 00:19:50] [LOOTBOX] Usuario: Fabrizio_Larco abrió Caja_Clásica. Premio: Mansión (ANOMALÍA_PROB)
[2026-05-01 00:21:34] [LOOTBOX] Usuario: Admin_Rogue abrió Caja_Clásica. Premio: Minigun (ANOMALÍA_PROB)
[2026-05-01 01:04:37] [LOOTBOX] Usuario: Fabrizio_Larco abrió Caja_Épica. Premio: Minigun (ANOMALÍA_PROB)
[2026-05-01 01:12:14] [LOOTBOX] Usuario: Admin_System abrió Caja_Épica. Premio: Infernus (ANOMALÍA_PROB)
[2026-05-01 01:25:12] [LOOTBOX] Usuario: Fabrizio_Larco abrió Caja_Clásica. Premio: Infernus (ANOMALÍA_PROB)
[2026-05-01 01:28:14] [LOOTBOX] Usuario: Admin_System abrió Caja_Clásica. Premio: Infernus (ANOMALÍA_PROB)
[2026-05-01 01:50:26] [LOOTBOX] Usuario: Admin_Rogue abrió Caja_Rara. Premio: $10,000,000 (ANOMALÍA_PROB)
[2026-05-01 01:55:05] [LOOTBOX] Usuario: Fabrizio_Larco abrió Caja_Clásica. Premio: Infernus (ANOMALÍA_PROB)
[2026-05-01 01:55:52] [ECONOMÍA] Usuario: JugadorNuevo transfirió $7,183,424 a xX_Sniper_Xx <-- [FRAUDE ECONÓMICO]
[2026-05-01 01:59:28] [LOOTBOX] Usuario: Admin_Rogue abrió Caja_Rara. Premio: $10,000,000 (ANOMALÍA_PROB)
[2026-05-01 02:08:16] [LOOTBOX] Usuario: Admin_Rogue abrió Caja_Legendaria. Premio: Minigun (ANOMALÍA_PROB)
[2026-05-01 02:15:22] [LOOTBOX] Usuario: Admin_System abrió Caja_Clásica. Premio: Mansión (ANOMALÍA_PROB)
[2026-05-01 02:33:40] [ECONOMÍA] Usuario: JugadorNuevo transfirió $10,214,607 a Ryder_Smoke <-- [FRAUDE ECONÓMICO]
[2026-05-01 02:38:26] [LOOTBOX] Usuario: Admin_Rogue abrió Caja_Rara. Premio: Minigun (ANOMALÍA_PROB)
[2026-05-01 02:45:25] [LOOTBOX] Usuario: Fabrizio_Larco abrió Caja_Clásica. Premio: Minigun (ANOMALÍA_PROB)
[2026-05-01 03:36:57] [LOOTBOX] Usuario: Admin_Rogue abrió Caja_Rara. Premio: Mansión (ANOMALÍA_PROB)
[2026-05-01 03:46:41] [LOOTBOX] Usuario: Admin_System abrió Caja_Clásica. Premio: Mansión (ANOMALÍA_PROB)
[2026-05-01 03:53:32] [LOOTBOX] Usuario: Fabrizio_Larco abrió Caja_Rara. Premio: Minigun (ANOMALÍA_PROB)
[2026-05-01 03:54:12] [LOOTBOX] Usuario: Admin_Rogue abrió Caja_Rara. Premio: Mansión (ANOMALÍA_PROB)
[2026-05-01 03:59:42] [ECONOMÍA] Usuario: JugadorNuevo transfirió $8,438,332 a CJ_Master <-- [FRAUDE ECONÓMICO]
[2026-05-01 04:12:42] [LOOTBOX] Usuario: Fabrizio_Larco abrió Caja_Clásica. Premio: Infernus (ANOMALÍA_PROB)
[2026-05-01 04:35:45] [LOOTBOX] Usuario: Admin_System abrió Caja_Rara. Premio: Minigun (ANOMALÍA_PROB)
[2026-05-01 04:35:50] [LOOTBOX] Usuario: Fabrizio_Larco abrió Caja_Clásica. Premio: Infernus (ANOMALÍA_PROB)
[2026-05-01 04:55:37] [LOOTBOX] Usuario: Fabrizio_Larco abrió Caja_Clásica. Premio: Minigun (ANOMALÍA_PROB)
[2026-05-01 05:00:32] [LOOTBOX] Usuario: Admin_Rogue abrió Caja_Rara. Premio: Mansión (ANOMALÍA_PROB)
[2026-05-01 05:14:18] [LOOTBOX] Usuario: Fabrizio_Larco abrió Caja_Clásica. Premio: Mansión (ANOMALÍA_PROB)
[2026-05-01 05:17:17] [LOOTBOX] Usuario: Admin_System abrió Caja_Rara. Premio: $10,000,000 (ANOMALÍA_PROB)
[2026-05-01 05:43:07] [ECONOMÍA] Usuario: JugadorNuevo transfirió $9,757,138 a Tommy_V <-- [FRAUDE ECONÓMICO]
[2026-05-01 05:51:21] [LOOTBOX] Usuario: Admin_Rogue abrió Caja_Rara. Premio: Mansión (ANOMALÍA_PROB)
[2026-05-01 06:05:27] [LOOTBOX] Usuario: Admin_System abrió Caja_Épica. Premio: Infernus (ANOMALÍA_PROB)
[2026-05-01 06:29:45] [LOOTBOX] Usuario: Fabrizio_Larco abrió Caja_Clásica. Premio: Minigun (ANOMALÍA_PROB)
[2026-05-01 07:05:20] [LOOTBOX] Usuario: Admin_Rogue abrió Caja_Clásica. Premio: Minigun (ANOMALÍA_PROB)
[2026-05-01 07:17:18] [LOOTBOX] Usuario: Admin_System abrió Caja_Épica. Premio: Minigun (ANOMALÍA_PROB)
[2026-05-01 08:24:20] [LOOTBOX] Usuario: Admin_Rogue abrió Caja_Épica. Premio: Infernus (ANOMALÍA_PROB)
[2026-05-01 08:28:42] [LOOTBOX] Usuario: Fabrizio_Larco abrió Caja_Épica. Premio: $10,000,000 (ANOMALÍA_PROB)
[2026-05-01 08:35:55] [LOOTBOX] Usuario: Admin_Rogue abrió Caja_Rara. Premio: Infernus (ANOMALÍA_PROB)
[2026-05-01 10:40:14] [LOOTBOX] Usuario: Admin_System abrió Caja_Clásica. Premio: $10,000,000 (ANOMALÍA_PROB)
[2026-05-01 10:51:06] [LOOTBOX] Usuario: Admin_Rogue abrió Caja_Clásica. Premio: Mansión (ANOMALÍA_PROB)
[2026-05-01 11:20:49] [LOOTBOX] Usuario: Fabrizio_Larco abrió Caja_Épica. Premio: Infernus (ANOMALÍA_PROB)
[2026-05-01 11:25:29] [LOOTBOX] Usuario: Admin_System abrió Caja_Clásica. Premio: $10,000,000 (ANOMALÍA_PROB)
[2026-05-01 11:29:16] [ECONOMÍA] Usuario: JugadorNuevo transfirió $13,318,816 a CJ_Master <-- [FRAUDE ECONÓMICO]
[2026-05-01 11:34:07] [LOOTBOX] Usuario: Fabrizio_Larco abrió Caja_Clásica. Premio: Mansión (ANOMALÍA_PROB)
[2026-05-01 11:36:57] [LOOTBOX] Usuario: Fabrizio_Larco abrió Caja_Clásica. Premio: Mansión (ANOMALÍA_PROB)
[2026-05-01 11:48:38] [LOOTBOX] Usuario: Admin_Rogue abrió Caja_Clásica. Premio: Mansión (ANOMALÍA_PROB)
[2026-05-01 11:56:04] [ECONOMÍA] Usuario: JugadorNuevo transfirió $11,542,369 a CJ_Master <-- [FRAUDE ECONÓMICO]
[2026-05-01 11:56:42] [LOOTBOX] Usuario: Admin_System abrió Caja_Clásica. Premio: Minigun (ANOMALÍA_PROB)
[2026-05-01 12:02:05] [ECONOMÍA] Usuario: JugadorNuevo transfirió $6,332,220 a Tommy_V <-- [FRAUDE ECONÓMICO]
[2026-05-01 12:08:03] [LOOTBOX] Usuario: Admin_Rogue abrió Caja_Rara. Premio: Mansión (ANOMALÍA_PROB)
[2026-05-01 12:13:01] [LOOTBOX] Usuario: Fabrizio_Larco abrió Caja_Clásica. Premio: Infernus (ANOMALÍA_PROB)
[2026-05-01 12:50:34] [LOOTBOX] Usuario: Admin_Rogue abrió Caja_Clásica. Premio: Mansión (ANOMALÍA_PROB)
[2026-05-01 13:16:05] [LOOTBOX] Usuario: Admin_System abrió Caja_Clásica. Premio: Minigun (ANOMALÍA_PROB)
[2026-05-01 13:26:17] [LOOTBOX] Usuario: Fabrizio_Larco abrió Caja_Clásica. Premio: $10,000,000 (ANOMALÍA_PROB)
[2026-05-01 13:34:40] [LOOTBOX] Usuario: Admin_Rogue abrió Caja_Clásica. Premio: Infernus (ANOMALÍA_PROB)
[2026-05-01 14:09:06] [LOOTBOX] Usuario: Fabrizio_Larco abrió Caja_Rara. Premio: Mansión (ANOMALÍA_PROB)
[2026-05-01 14:34:43] [LOOTBOX] Usuario: Admin_System abrió Caja_Clásica. Premio: Infernus (ANOMALÍA_PROB)
[2026-05-01 14:41:52] [LOOTBOX] Usuario: Admin_Rogue abrió Caja_Rara. Premio: Infernus (ANOMALÍA_PROB)
[2026-05-01 15:00:36] [LOOTBOX] Usuario: Admin_System abrió Caja_Clásica. Premio: Minigun (ANOMALÍA_PROB)
[2026-05-01 15:12:09] [LOOTBOX] Usuario: Admin_Rogue abrió Caja_Clásica. Premio: Mansión (ANOMALÍA_PROB)
[2026-05-01 15:13:23] [LOOTBOX] Usuario: Fabrizio_Larco abrió Caja_Clásica. Premio: Mansión (ANOMALÍA_PROB)
[2026-05-01 15:36:49] [LOOTBOX] Usuario: Fabrizio_Larco abrió Caja_Clásica. Premio: Infernus (ANOMALÍA_PROB)
[2026-05-01 15:41:22] [LOOTBOX] Usuario: Admin_System abrió Caja_Clásica. Premio: $10,000,000 (ANOMALÍA_PROB)
[2026-05-01 15:46:01] [LOOTBOX] Usuario: Admin_Rogue abrió Caja_Clásica. Premio: Mansión (ANOMALÍA_PROB)
[2026-05-01 16:08:11] [ECONOMÍA] Usuario: JugadorNuevo transfirió $13,010,797 a Kendal_G <-- [FRAUDE ECONÓMICO]
[2026-05-01 16:21:26] [ECONOMÍA] Usuario: JugadorNuevo transfirió $13,130,245 a CJ_Master <-- [FRAUDE ECONÓMICO]
[2026-05-01 16:23:58] [LOOTBOX] Usuario: Admin_System abrió Caja_Clásica. Premio: Mansión (ANOMALÍA_PROB)
[2026-05-01 16:47:13] [LOOTBOX] Usuario: Fabrizio_Larco abrió Caja_Clásica. Premio: Minigun (ANOMALÍA_PROB)
[2026-05-01 17:04:42] [LOOTBOX] Usuario: Fabrizio_Larco abrió Caja_Clásica. Premio: $10,000,000 (ANOMALÍA_PROB)
[2026-05-01 17:38:34] [LOOTBOX] Usuario: Admin_Rogue abrió Caja_Clásica. Premio: Mansión (ANOMALÍA_PROB)
[2026-05-01 17:46:56] [LOOTBOX] Usuario: Fabrizio_Larco abrió Caja_Clásica. Premio: Mansión (ANOMALÍA_PROB)
[2026-05-01 17:55:11] [LOOTBOX] Usuario: Admin_Rogue abrió Caja_Rara. Premio: $10,000,000 (ANOMALÍA_PROB)
[2026-05-01 18:06:04] [ECONOMÍA] Usuario: JugadorNuevo transfirió $9,073,392 a Ryder_Smoke <-- [FRAUDE ECONÓMICO]
[2026-05-01 18:08:24] [LOOTBOX] Usuario: Admin_Rogue abrió Caja_Clásica. Premio: Mansión (ANOMALÍA_PROB)
[2026-05-01 18:14:35] [LOOTBOX] Usuario: Admin_System abrió Caja_Clásica. Premio: Infernus (ANOMALÍA_PROB)
[2026-05-01 18:25:18] [LOOTBOX] Usuario: Fabrizio_Larco abrió Caja_Legendaria. Premio: Mansión (ANOMALÍA_PROB)
[2026-05-01 18:44:20] [LOOTBOX] Usuario: Admin_Rogue abrió Caja_Clásica. Premio: Minigun (ANOMALÍA_PROB)
[2026-05-01 18:55:27] [LOOTBOX] Usuario: Admin_System abrió Caja_Rara. Premio: Infernus (ANOMALÍA_PROB)
[2026-05-01 19:00:43] [LOOTBOX] Usuario: Admin_Rogue abrió Caja_Clásica. Premio: Minigun (ANOMALÍA_PROB)
[2026-05-01 19:01:44] [LOOTBOX] Usuario: Fabrizio_Larco abrió Caja_Clásica. Premio: Infernus (ANOMALÍA_PROB)
[2026-05-01 19:17:08] [LOOTBOX] Usuario: Admin_System abrió Caja_Rara. Premio: Minigun (ANOMALÍA_PROB)
[2026-05-01 19:28:31] [LOOTBOX] Usuario: Admin_System abrió Caja_Rara. Premio: Infernus (ANOMALÍA_PROB)
[2026-05-01 19:59:17] [LOOTBOX] Usuario: Admin_Rogue abrió Caja_Rara. Premio: Mansión (ANOMALÍA_PROB)
[2026-05-01 20:18:46] [LOOTBOX] Usuario: Fabrizio_Larco abrió Caja_Rara. Premio: $10,000,000 (ANOMALÍA_PROB)
[2026-05-01 20:39:27] [LOOTBOX] Usuario: Admin_System abrió Caja_Rara. Premio: $10,000,000 (ANOMALÍA_PROB)
[2026-05-01 20:48:46] [ECONOMÍA] Usuario: JugadorNuevo transfirió $5,196,435 a Ryder_Smoke <-- [FRAUDE ECONÓMICO]
[2026-05-01 21:02:58] [LOOTBOX] Usuario: Admin_Rogue abrió Caja_Clásica. Premio: $10,000,000 (ANOMALÍA_PROB)
[2026-05-01 21:09:33] [LOOTBOX] Usuario: Admin_Rogue abrió Caja_Rara. Premio: Minigun (ANOMALÍA_PROB)
[2026-05-01 21:14:16] [LOOTBOX] Usuario: Admin_System abrió Caja_Legendaria. Premio: Mansión (ANOMALÍA_PROB)
[2026-05-01 21:23:57] [LOOTBOX] Usuario: Admin_System abrió Caja_Clásica. Premio: Minigun (ANOMALÍA_PROB)
[2026-05-01 22:15:16] [LOOTBOX] Usuario: Admin_System abrió Caja_Clásica. Premio: Mansión (ANOMALÍA_PROB)
[2026-05-01 22:59:11] [LOOTBOX] Usuario: Admin_System abrió Caja_Rara. Premio: Mansión (ANOMALÍA_PROB)
[2026-05-01 23:09:37] [LOOTBOX] Usuario: Admin_System abrió Caja_Rara. Premio: $10,000,000 (ANOMALÍA_PROB)
[2026-05-01 23:13:26] [LOOTBOX] Usuario: Admin_Rogue abrió Caja_Clásica. Premio: Mansión (ANOMALÍA_PROB)
[2026-05-01 23:18:22] [LOOTBOX] Usuario: Admin_System abrió Caja_Rara. Premio: Minigun (ANOMALÍA_PROB)
[2026-05-01 23:19:27] [LOOTBOX] Usuario: Admin_Rogue abrió Caja_Clásica. Premio: Infernus (ANOMALÍA_PROB)
[2026-05-01 23:35:33] [LOOTBOX] Usuario: Admin_Rogue abrió Caja_Clásica. Premio: Minigun (ANOMALÍA_PROB)
[2026-05-01 23:57:08] [LOOTBOX] Usuario: Admin_Rogue abrió Caja_Épica. Premio: Infernus (ANOMALÍA_PROB)
[2026-05-02 00:30:19] [LOOTBOX] Usuario: Fabrizio_Larco abrió Caja_Clásica. Premio: Infernus (ANOMALÍA_PROB)
[2026-05-02 00:47:44] [ECONOMÍA] Usuario: JugadorNuevo transfirió $14,604,690 a CJ_Master <-- [FRAUDE ECONÓMICO]
[2026-05-02 00:57:35] [LOOTBOX] Usuario: Admin_Rogue abrió Caja_Rara. Premio: Infernus (ANOMALÍA_PROB)
[2026-05-02 01:02:06] [LOOTBOX] Usuario: Admin_System abrió Caja_Rara. Premio: Mansión (ANOMALÍA_PROB)
[2026-05-02 01:26:39] [LOOTBOX] Usuario: Fabrizio_Larco abrió Caja_Clásica. Premio: Infernus (ANOMALÍA_PROB)
[2026-05-02 01:55:15] [LOOTBOX] Usuario: Fabrizio_Larco abrió Caja_Legendaria. Premio: Mansión (ANOMALÍA_PROB)
[2026-05-02 02:16:36] [LOOTBOX] Usuario: Admin_System abrió Caja_Rara. Premio: Minigun (ANOMALÍA_PROB)
[2026-05-02 02:29:32] [LOOTBOX] Usuario: Admin_System abrió Caja_Clásica. Premio: $10,000,000 (ANOMALÍA_PROB)
[2026-05-02 02:30:38] [LOOTBOX] Usuario: Admin_Rogue abrió Caja_Rara. Premio: Infernus (ANOMALÍA_PROB)
[2026-05-02 03:58:59] [ECONOMÍA] Usuario: JugadorNuevo transfirió $8,893,644 a Ryder_Smoke <-- [FRAUDE ECONÓMICO]
[2026-05-02 03:59:32] [LOOTBOX] Usuario: Fabrizio_Larco abrió Caja_Rara. Premio: Infernus (ANOMALÍA_PROB)
[2026-05-02 04:39:53] [LOOTBOX] Usuario: Fabrizio_Larco abrió Caja_Rara. Premio: Mansión (ANOMALÍA_PROB)
[2026-05-02 04:51:30] [LOOTBOX] Usuario: Fabrizio_Larco abrió Caja_Clásica. Premio: Minigun (ANOMALÍA_PROB)
[2026-05-02 05:18:54] [LOOTBOX] Usuario: Fabrizio_Larco abrió Caja_Clásica. Premio: Mansión (ANOMALÍA_PROB)
[2026-05-02 05:37:25] [LOOTBOX] Usuario: Fabrizio_Larco abrió Caja_Clásica. Premio: $10,000,000 (ANOMALÍA_PROB)
[2026-05-02 05:43:09] [LOOTBOX] Usuario: Fabrizio_Larco abrió Caja_Épica. Premio: Mansión (ANOMALÍA_PROB)
[2026-05-02 06:14:08] [LOOTBOX] Usuario: Fabrizio_Larco abrió Caja_Rara. Premio: Infernus (ANOMALÍA_PROB)
[2026-05-02 06:27:00] [LOOTBOX] Usuario: Fabrizio_Larco abrió Caja_Rara. Premio: Mansión (ANOMALÍA_PROB)
[2026-05-02 07:01:35] [LOOTBOX] Usuario: Fabrizio_Larco abrió Caja_Clásica. Premio: Mansión (ANOMALÍA_PROB)
[2026-05-02 07:03:00] [ECONOMÍA] Usuario: JugadorNuevo transfirió $6,662,448 a xX_Sniper_Xx <-- [FRAUDE ECONÓMICO]
[2026-05-02 07:04:01] [ECONOMÍA] Usuario: JugadorNuevo transfirió $9,908,025 a Ryder_Smoke <-- [FRAUDE ECONÓMICO]
[2026-05-02 08:20:30] [LOOTBOX] Usuario: Fabrizio_Larco abrió Caja_Clásica. Premio: Mansión (ANOMALÍA_PROB)
[2026-05-02 08:44:14] [LOOTBOX] Usuario: Admin_Rogue abrió Caja_Clásica. Premio: Minigun (ANOMALÍA_PROB)
[2026-05-02 08:51:25] [LOOTBOX] Usuario: Admin_System abrió Caja_Clásica. Premio: Minigun (ANOMALÍA_PROB)
[2026-05-02 09:41:29] [ECONOMÍA] Usuario: JugadorNuevo transfirió $6,564,286 a Kendal_G <-- [FRAUDE ECONÓMICO]
[2026-05-02 09:48:58] [LOOTBOX] Usuario: Admin_Rogue abrió Caja_Clásica. Premio: Mansión (ANOMALÍA_PROB)
[2026-05-02 10:19:07] [LOOTBOX] Usuario: Fabrizio_Larco abrió Caja_Clásica. Premio: Infernus (ANOMALÍA_PROB)
[2026-05-02 10:19:47] [LOOTBOX] Usuario: Admin_System abrió Caja_Rara. Premio: $10,000,000 (ANOMALÍA_PROB)
[2026-05-02 10:39:06] [LOOTBOX] Usuario: Admin_Rogue abrió Caja_Clásica. Premio: Infernus (ANOMALÍA_PROB)
[2026-05-02 10:54:57] [LOOTBOX] Usuario: Fabrizio_Larco abrió Caja_Épica. Premio: Mansión (ANOMALÍA_PROB)
[2026-05-02 10:55:28] [LOOTBOX] Usuario: Admin_Rogue abrió Caja_Épica. Premio: Minigun (ANOMALÍA_PROB)
[2026-05-02 11:06:08] [LOOTBOX] Usuario: Fabrizio_Larco abrió Caja_Rara. Premio: $10,000,000 (ANOMALÍA_PROB)
[2026-05-02 11:12:43] [LOOTBOX] Usuario: Admin_Rogue abrió Caja_Clásica. Premio: $10,000,000 (ANOMALÍA_PROB)
[2026-05-02 11:44:56] [LOOTBOX] Usuario: Admin_System abrió Caja_Clásica. Premio: Minigun (ANOMALÍA_PROB)
[2026-05-02 12:08:29] [LOOTBOX] Usuario: Admin_Rogue abrió Caja_Clásica. Premio: Infernus (ANOMALÍA_PROB)
[2026-05-02 12:11:55] [LOOTBOX] Usuario: Admin_Rogue abrió Caja_Clásica. Premio: Minigun (ANOMALÍA_PROB)
[2026-05-02 12:26:16] [LOOTBOX] Usuario: Admin_System abrió Caja_Clásica. Premio: $10,000,000 (ANOMALÍA_PROB)
[2026-05-02 12:30:15] [ECONOMÍA] Usuario: JugadorNuevo transfirió $7,741,545 a Ryder_Smoke <-- [FRAUDE ECONÓMICO]
[2026-05-02 12:32:52] [LOOTBOX] Usuario: Fabrizio_Larco abrió Caja_Rara. Premio: Mansión (ANOMALÍA_PROB)
[2026-05-02 12:40:41] [ECONOMÍA] Usuario: JugadorNuevo transfirió $5,594,482 a Ryder_Smoke <-- [FRAUDE ECONÓMICO]
[2026-05-02 13:12:35] [LOOTBOX] Usuario: Fabrizio_Larco abrió Caja_Clásica. Premio: Mansión (ANOMALÍA_PROB)
[2026-05-02 13:18:40] [LOOTBOX] Usuario: Admin_Rogue abrió Caja_Clásica. Premio: Mansión (ANOMALÍA_PROB)
[2026-05-02 13:21:01] [LOOTBOX] Usuario: Admin_System abrió Caja_Rara. Premio: $10,000,000 (ANOMALÍA_PROB)
[2026-05-02 13:45:19] [LOOTBOX] Usuario: Admin_System abrió Caja_Rara. Premio: Mansión (ANOMALÍA_PROB)
[2026-05-02 13:51:07] [LOOTBOX] Usuario: Fabrizio_Larco abrió Caja_Rara. Premio: Mansión (ANOMALÍA_PROB)
[2026-05-02 14:25:31] [LOOTBOX] Usuario: Admin_Rogue abrió Caja_Clásica. Premio: Infernus (ANOMALÍA_PROB)
[2026-05-02 14:45:40] [LOOTBOX] Usuario: Admin_System abrió Caja_Rara. Premio: Infernus (ANOMALÍA_PROB)
[2026-05-02 15:06:10] [LOOTBOX] Usuario: Admin_Rogue abrió Caja_Clásica. Premio: Infernus (ANOMALÍA_PROB)
[2026-05-02 15:12:16] [LOOTBOX] Usuario: Admin_System abrió Caja_Rara. Premio: $10,000,000 (ANOMALÍA_PROB)
[2026-05-02 15:13:14] [LOOTBOX] Usuario: Fabrizio_Larco abrió Caja_Clásica. Premio: Infernus (ANOMALÍA_PROB)
[2026-05-02 15:14:49] [LOOTBOX] Usuario: Admin_Rogue abrió Caja_Clásica. Premio: Mansión (ANOMALÍA_PROB)
[2026-05-02 15:36:46] [LOOTBOX] Usuario: Admin_Rogue abrió Caja_Clásica. Premio: Minigun (ANOMALÍA_PROB)
[2026-05-02 15:38:06] [LOOTBOX] Usuario: Admin_Rogue abrió Caja_Clásica. Premio: Mansión (ANOMALÍA_PROB)
[2026-05-02 15:58:06] [LOOTBOX] Usuario: Admin_System abrió Caja_Rara. Premio: Minigun (ANOMALÍA_PROB)
[2026-05-02 16:07:19] [LOOTBOX] Usuario: Fabrizio_Larco abrió Caja_Clásica. Premio: $10,000,000 (ANOMALÍA_PROB)
[2026-05-02 16:41:27] [ECONOMÍA] Usuario: JugadorNuevo transfirió $11,508,506 a Ryder_Smoke <-- [FRAUDE ECONÓMICO]
[2026-05-02 17:28:02] [LOOTBOX] Usuario: Fabrizio_Larco abrió Caja_Rara. Premio: Infernus (ANOMALÍA_PROB)
[2026-05-02 17:52:01] [LOOTBOX] Usuario: Fabrizio_Larco abrió Caja_Clásica. Premio: Minigun (ANOMALÍA_PROB)
[2026-05-02 18:09:46] [LOOTBOX] Usuario: Admin_Rogue abrió Caja_Clásica. Premio: $10,000,000 (ANOMALÍA_PROB)
[2026-05-02 18:12:34] [LOOTBOX] Usuario: Fabrizio_Larco abrió Caja_Clásica. Premio: Minigun (ANOMALÍA_PROB)
