[2026-05-01 00:10:30] [LOOTBOX] Usuario: Fabrizio_Larco abrió Caja_Rara. Premio: $10,000,000 (ANOMALÍA_PROB)
[2026-05-01 00:30:00] [LOOTBOX] Usuario: Admin_System abrió Caja_Clásica. Premio: Mansión (ANOMALÍA_PROB)
[2026-05-01 00:59:03] [LOOTBOX] Usuario: Admin_Rogue abrió Caja_Clásica. Premio: Infernus (ANOMALÍA_PROB)
[2026-05-01 01:01:15] [ECONOMÍA] Usuario: JugadorNuevo transfirió $14,663,795 a Tommy_V <-- [FRAUDE ECONÓMICO]
[2026-05-01 01:06:49] [LOOTBOX] Usuario: Admin_Rogue abrió Caja_Clásica. Premio: Minigun (ANOMALÍA_PROB)
[2026-05-01 01:30:23] [LOOTBOX] Usuario: Admin_System abrió Caja_Rara. Premio: Mansión (ANOMALÍA_PROB)
[2026-05-01 01:30:56] [LOOTBOX] Usuario: Fabrizio_Larco abrió Caja_Clásica. Premio: $10,000,000 (ANOMALÍA_PROB)
[2026-05-01 01:41:21] [LOOTBOX] Usuario: Admin_System abrió Caja_Clásica. Premio: Minigun (ANOMALÍA_PROB)
[2026-05-01 01:50:28] [LOOTBOX] Usuario: Fabrizio_Larco abrió Caja_Rara. Premio: Minigun (ANOMALÍA_PROB)
[2026-05-01 02:02:10] [LOOTBOX] Usuario: Admin_System abrió Caja_Rara. Premio: Infernus (ANOMALÍA_PROB)
[2026-05-01 02:14:18] [LOOTBOX] Usuario: Admin_Rogue abrió Caja_Épica. Premio: Minigun (ANOMALÍA_PROB)
[2026-05-01 02:15:40] [LOOTBOX] Usuario: Admin_Rogue abrió Caja_Épica. Premio: Minigun (ANOMALÍA_PROB)
[2026-05-01 02:17:26] [LOOTBOX] Usuario: Fabrizio_Larco abrió Caja_Rara. Premio: Infernus (ANOMALÍA_PROB)
[2026-05-01 02:25:30] [LOOTBOX] Usuario: Admin_System abrió Caja_Legendaria. Premio: $10,000,000 (ANOMALÍA_PROB)
[2026-05-01 02:25:51] [LOOTBOX] Usuario: Fabrizio_Larco abrió Caja_Clásica. Premio: Mansión (ANOMALÍA_PROB)
[2026-05-01 02:32:07] [LOOTBOX] Usuario: Admin_System abrió Caja_Rara. Premio: Minigun (ANOMALÍA_PROB)
[2026-05-01 02:35:07] [LOOTBOX] Usuario: Admin_Rogue abrió Caja_Clásica. Premio: Minigun (ANOMALÍA_PROB)
[2026-05-01 02:58:02] [LOOTBOX] Usuario: Admin_Rogue abrió Caja_Clásica. Premio: Minigun (ANOMALÍA_PROB)
[2026-05-01 03:06:21] [LOOTBOX] Usuario: Admin_Rogue abrió Caja_Clásica. Premio: Minigun (ANOMALÍA_PROB)
[2026-05-01 03:16:11] [LOOTBOX] Usuario: Admin_System abrió Caja_Rara. Premio: Infernus (ANOMALÍA_PROB)
[2026-05-01 03:45:16] [LOOTBOX] Usuario: Admin_System abrió Caja_Clásica. Premio: Infernus (ANOMALÍA_PROB)
[2026-05-01 03:52:27] [LOOTBOX] Usuario: Admin_Rogue abrió Caja_Clásica. Premio: Mansión (ANOMALÍA_PROB)
[2026-05-01 03:59:41] [LOOTBOX] Usuario: Fabrizio_Larco abrió Caja_Épica. Premio: $10,000,000 (ANOMALÍA_PROB)
[2026-05-01 04:06:41] [LOOTBOX] Usuario: Admin_System abrió Caja_Clásica. Premio: Minigun (ANOMALÍA_PROB)
[2026-05-01 04:38:32] [LOOTBOX] Usuario: Admin_Rogue abrió Caja_Clásica. Premio: $10,000,000 (ANOMALÍA_PROB)
[2026-05-01 04:50:34] [LOOTBOX] Usuario: Fabrizio_Larco abrió Caja_Clásica. Premio: $10,000,000 (ANOMALÍA_PROB)
[2026-05-01 04:58:47] [LOOTBOX] Usuario: Admin_System abrió Caja_Clásica. Premio: Infernus (ANOMALÍA_PROB)
[2026-05-01 05:22:44] [ECONOMÍA] Usuario: JugadorNuevo transfirió $5,321,876 a xX_Sniper_Xx <-- [FRAUDE ECONÓMICO]
[2026-05-01 05:43:10] [LOOTBOX] Usuario: Admin_Rogue abrió Caja_Clásica. Premio: Minigun (ANOMALÍA_PROB)
[2026-05-01 05:50:17] [LOOTBOX] Usuario: Admin_Rogue abrió Caja_Clásica. Premio: Infernus (ANOMALÍA_PROB)
[2026-05-01 06:02:57] [LOOTBOX] Usuario: Fabrizio_Larco abrió Caja_Clásica. Premio: Minigun (ANOMALÍA_PROB)
[2026-05-01 06:08:22] [LOOTBOX] Usuario: Admin_Rogue abrió Caja_Rara. Premio: Minigun (ANOMALÍA_PROB)
[2026-05-01 06:15:44] [LOOTBOX] Usuario: Fabrizio_Larco abrió Caja_Clásica. Premio: Minigun (ANOMALÍA_PROB)
[2026-05-01 07:17:21] [LOOTBOX] Usuario: Fabrizio_Larco abrió Caja_Rara. Premio: Mansión (ANOMALÍA_PROB)
[2026-05-01 07:42:43] [LOOTBOX] Usuario: Fabrizio_Larco abrió Caja_Clásica. Premio: Mansión (ANOMALÍA_PROB)
[2026-05-01 07:55:58] [LOOTBOX] Usuario: Admin_Rogue abrió Caja_Clásica. Premio: Infernus (ANOMALÍA_PROB)
[2026-05-01 08:22:43] [ECONOMÍA] Usuario: JugadorNuevo transfirió $9,278,126 a CJ_Master <-- [FRAUDE ECONÓMICO]
[2026-05-01 08:36:44] [LOOTBOX] Usuario: Admin_Rogue abrió Caja_Rara. Premio: Infernus (ANOMALÍA_PROB)
[2026-05-01 08:52:19] [ECONOMÍA] Usuario: JugadorNuevo transfirió $6,653,862 a Ryder_Smoke <-- [FRAUDE ECONÓMICO]
[2026-05-01 09:03:24] [ECONOMÍA] Usuario: JugadorNuevo transfirió $7,451,138 a CJ_Master <-- [FRAUDE ECONÓMICO]
[2026-05-01 09:20:21] [LOOTBOX] Usuario: Admin_System abrió Caja_Clásica. Premio: Infernus (ANOMALÍA_PROB)
[2026-05-01 09:24:36] [LOOTBOX] Usuario: Fabrizio_Larco abrió Caja_Rara. Premio: Infernus (ANOMALÍA_PROB)
[2026-05-01 09:31:25] [LOOTBOX] Usuario: Admin_System abrió Caja_Clásica. Premio: Infernus (ANOMALÍA_PROB)
[2026-05-01 11:14:55] [LOOTBOX] Usuario: Admin_Rogue abrió Caja_Clásica. Premio: Mansión (ANOMALÍA_PROB)
[2026-05-01 11:30:24] [LOOTBOX] Usuario: Fabrizio_Larco abrió Caja_Épica. Premio: Minigun (ANOMALÍA_PROB)
[2026-05-01 11:33:35] [LOOTBOX] Usuario: Admin_Rogue abrió Caja_Clásica. Premio: $10,000,000 (ANOMALÍA_PROB)
[2026-05-01 12:02:30] [ECONOMÍA] Usuario: JugadorNuevo transfirió $10,667,450 a xX_Sniper_Xx <-- [FRAUDE ECONÓMICO]
[2026-05-01 13:16:05] [LOOTBOX] Usuario: Admin_Rogue abrió Caja_Clásica. Premio: $10,000,000 (ANOMALÍA_PROB)
[2026-05-01 13:20:09] [LOOTBOX] Usuario: Admin_Rogue abrió Caja_Clásica. Premio: Mansión (ANOMALÍA_PROB)
[2026-05-01 13:20:20] [ECONOMÍA] Usuario: JugadorNuevo transfirió $12,469,398 a xX_Sniper_Xx <-- [FRAUDE ECONÓMICO]
[2026-05-01 13:30:45] [LOOTBOX] Usuario: Admin_System abrió Caja_Épica. Premio: Infernus (ANOMALÍA_PROB)
[2026-05-01 13:42:16] [LOOTBOX] Usuario: Admin_System abrió Caja_Clásica. Premio: Minigun (ANOMALÍA_PROB)
[2026-05-01 13:46:46] [LOOTBOX] Usuario: Admin_Rogue abrió Caja_Clásica. Premio: Mansión (ANOMALÍA_PROB)
[2026-05-01 14:11:19] [LOOTBOX] Usuario: Fabrizio_Larco abrió Caja_Rara. Premio: Minigun (ANOMALÍA_PROB)
[2026-05-01 14:23:08] [LOOTBOX] Usuario: Admin_Rogue abrió Caja_Rara. Premio: $10,000,000 (ANOMALÍA_PROB)
[2026-05-01 14:25:30] [LOOTBOX] Usuario: Admin_System abrió Caja_Clásica. Premio: Minigun (ANOMALÍA_PROB)
[2026-05-01 14:40:17] [LOOTBOX] Usuario: Admin_Rogue abrió Caja_Clásica. Premio: Infernus (ANOMALÍA_PROB)
[2026-05-01 14:44:34] [LOOTBOX] Usuario: Admin_System abrió Caja_Clásica. Premio: $10,000,000 (ANOMALÍA_PROB)
[2026-05-01 15:57:28] [LOOTBOX] Usuario: Admin_System abrió Caja_Clásica. Premio: Infernus (ANOMALÍA_PROB)
[2026-05-01 16:14:53] [LOOTBOX] Usuario: Admin_System abrió Caja_Rara. Premio: Infernus (ANOMALÍA_PROB)
[2026-05-01 16:26:20] [ECONOMÍA] Usuario: JugadorNuevo transfirió $8,194,647 a CJ_Master <-- [FRAUDE ECONÓMICO]
[2026-05-01 16:44:44] [LOOTBOX] Usuario: Fabrizio_Larco abrió Caja_Épica. Premio: $10,000,000 (ANOMALÍA_PROB)
[2026-05-01 17:46:41] [LOOTBOX] Usuario: Admin_Rogue abrió Caja_Clásica. Premio: Minigun (ANOMALÍA_PROB)
[2026-05-01 17:53:16] [LOOTBOX] Usuario: Fabrizio_Larco abrió Caja_Rara. Premio: Minigun (ANOMALÍA_PROB)
[2026-05-01 18:33:23] [LOOTBOX] Usuario: Admin_System abrió Caja_Clásica. Premio: Minigun (ANOMALÍA_PROB)
[2026-05-01 18:50:40] [LOOTBOX] Usuario: Admin_System abrió Caja_Clásica. Premio: Minigun (ANOMALÍA_PROB)
[2026-05-01 18:54:31] [LOOTBOX] Usuario: Fabrizio_Larco abrió Caja_Clásica. Premio: Minigun (ANOMALÍA_PROB)
[2026-05-01 19:16:49] [LOOTBOX] Usuario: Admin_Rogue abrió Caja_Clásica. Premio: Infernus (ANOMALÍA_PROB)
[2026-05-01 19:33:03] [LOOTBOX] Usuario: Admin_System abrió Caja_Rara. Premio: Mansión (ANOMALÍA_PROB)
[2026-05-01 19:57:47] [LOOTBOX] Usuario: Admin_System abrió Caja_Clásica. Premio: $10,000,000 (ANOMALÍA_PROB)
[2026-05-01 20:25:44] [LOOTBOX] Usuario: Admin_System abrió Caja_Épica. Premio: Minigun (ANOMALÍA_PROB)
[2026-05-01 20:26:12] [LOOTBOX] Usuario: Admin_System abrió Caja_Rara. Premio: Minigun (ANOMALÍA_PROB)
[2026-05-01 20:53:21] [LOOTBOX] Usuario: Admin_Rogue abrió Caja_Clásica. Premio: $10,000,000 (ANOMALÍA_PROB)
[2026-05-01 21:10:50] [ECONOMÍA] Usuario: JugadorNuevo transfirió $12,011,238 a Ryder_Smoke <-- [FRAUDE ECONÓMICO]
[2026-05-01 21:11:29] [ECONOMÍA] Usuario: JugadorNuevo transfirió $8,395,501 a Ryder_Smoke <-- [FRAUDE ECONÓMICO]
[2026-05-01 21:13:56] [LOOTBOX] Usuario: Fabrizio_Larco abrió Caja_Legendaria. Premio: Minigun (ANOMALÍA_PROB)
[2026-05-01 21:49:11] [LOOTBOX] Usuario: Admin_Rogue abrió Caja_Clásica. Premio: Minigun (ANOMALÍA_PROB)
[2026-05-01 21:59:56] [LOOTBOX] Usuario: Fabrizio_Larco abrió Caja_Clásica. Premio: Minigun (ANOMALÍA_PROB)
[2026-05-01 22:05:39] [ECONOMÍA] Usuario: JugadorNuevo transfirió $5,514,085 a xX_Sniper_Xx <-- [FRAUDE ECONÓMICO]
[2026-05-01 22:16:49] [LOOTBOX] Usuario: Admin_Rogue abrió Caja_Clásica. Premio: Mansión (ANOMALÍA_PROB)
[2026-05-01 22:19:37] [LOOTBOX] Usuario: Admin_System abrió Caja_Clásica. Premio: $10,000,000 (ANOMALÍA_PROB)
[2026-05-01 22:20:04] [LOOTBOX] Usuario: Admin_System abrió Caja_Clásica. Premio: Minigun (ANOMALÍA_PROB)
[2026-05-01 22:26:48] [LOOTBOX] Usuario: Admin_System abrió Caja_Épica. Premio: $10,000,000 (ANOMALÍA_PROB)
[2026-05-01 22:40:22] [LOOTBOX] Usuario: Fabrizio_Larco abrió Caja_Clásica. Premio: Mansión (ANOMALÍA_PROB)
[2026-05-01 22:59:59] [LOOTBOX] Usuario: Fabrizio_Larco abrió Caja_Clásica. Premio: $10,000,000 (ANOMALÍA_PROB)
[2026-05-01 23:08:49] [LOOTBOX] Usuario: Fabrizio_Larco abrió Caja_Clásica. Premio: Minigun (ANOMALÍA_PROB)
[2026-05-01 23:10:37] [LOOTBOX] Usuario: Fabrizio_Larco abrió Caja_Rara. Premio: $10,000,000 (ANOMALÍA_PROB)
[2026-05-01 23:31:05] [LOOTBOX] Usuario: Fabrizio_Larco abrió Caja_Rara. Premio: Infernus (ANOMALÍA_PROB)
[2026-05-01 23:48:14] [LOOTBOX] Usuario: Fabrizio_Larco abrió Caja_Clásica. Premio: Infernus (ANOMALÍA_PROB)
[2026-05-02 00:01:16] [LOOTBOX] Usuario: Admin_Rogue abrió Caja_Rara. Premio: Minigun (ANOMALÍA_PROB)
[2026-05-02 00:11:17] [LOOTBOX] Usuario: Admin_System abrió Caja_Épica. Premio: Infernus (ANOMALÍA_PROB)
[2026-05-02 00:14:16] [LOOTBOX] Usuario: Fabrizio_Larco abrió Caja_Clásica. Premio: Infernus (ANOMALÍA_PROB)
[2026-05-02 00:24:28] [LOOTBOX] Usuario: Fabrizio_Larco abrió Caja_Clásica. Premio: Infernus (ANOMALÍA_PROB)
[2026-05-02 01:56:32] [LOOTBOX] Usuario: Admin_System abrió Caja_Rara. Premio: $10,000,000 (ANOMALÍA_PROB)
[2026-05-02 02:00:12] [ECONOMÍA] Usuario: JugadorNuevo transfirió $12,278,438 a Kendal_G <-- [FRAUDE ECONÓMICO]
[2026-05-02 02:17:20] [LOOTBOX] Usuario: Fabrizio_Larco abrió Caja_Épica. Premio: $10,000,000 (ANOMALÍA_PROB)
[2026-05-02 02:28:38] [ECONOMÍA] Usuario: JugadorNuevo transfirió $6,852,810 a Ryder_Smoke <-- [FRAUDE ECONÓMICO]
[2026-05-02 02:48:14] [LOOTBOX] Usuario: Fabrizio_Larco abrió Caja_Clásica. Premio: Minigun (ANOMALÍA_PROB)
[2026-05-02 02:57:03] [LOOTBOX] Usuario: Admin_Rogue abrió Caja_Rara. Premio: $10,000,000 (ANOMALÍA_PROB)
[2026-05-02 02:58:23] [LOOTBOX] Usuario: Admin_Rogue abrió Caja_Clásica. Premio: Infernus (ANOMALÍA_PROB)
[2026-05-02 03:08:20] [LOOTBOX] Usuario: Admin_Rogue abrió Caja_Rara. Premio: $10,000,000 (ANOMALÍA_PROB)
[2026-05-02 03:18:20] [LOOTBOX] Usuario: Fabrizio_Larco abrió Caja_Clásica. Premio: Minigun (ANOMALÍA_PROB)
[2026-05-02 03:50:10] [LOOTBOX] Usuario: Fabrizio_Larco abrió Caja_Clásica. Premio: Infernus (ANOMALÍA_PROB)
[2026-05-02 03:59:18] [LOOTBOX] Usuario: Admin_Rogue abrió Caja_Rara. Premio: Mansión (ANOMALÍA_PROB)
[2026-05-02 04:30:37] [LOOTBOX] Usuario: Admin_Rogue abrió Caja_Clásica. Premio: Infernus (ANOMALÍA_PROB)
[2026-05-02 04:30:39] [LOOTBOX] Usuario: Admin_System abrió Caja_Rara. Premio: Minigun (ANOMALÍA_PROB)
[2026-05-02 04:32:30] [LOOTBOX] Usuario: Admin_Rogue abrió Caja_Rara. Premio: Infernus (ANOMALÍA_PROB)
[2026-05-02 04:53:39] [LOOTBOX] Usuario: Admin_System abrió Caja_Clásica. Premio: Mansión (ANOMALÍA_PROB)
[2026-05-02 05:14:57] [LOOTBOX] Usuario: Fabrizio_Larco abrió Caja_Clásica. Premio: Infernus (ANOMALÍA_PROB)
[2026-05-02 05:33:59] [LOOTBOX] Usuario: Admin_Rogue abrió Caja_Clásica. Premio: Minigun (ANOMALÍA_PROB)
[2026-05-02 05:58:06] [ECONOMÍA] Usuario: JugadorNuevo transfirió $13,765,514 a Kendal_G <-- [FRAUDE ECONÓMICO]
[2026-05-02 05:58:53] [ECONOMÍA] Usuario: JugadorNuevo transfirió $11,537,356 a Kendal_G <-- [FRAUDE ECONÓMICO]
[2026-05-02 06:50:31] [LOOTBOX] Usuario: Fabrizio_Larco abrió Caja_Clásica. Premio: Minigun (ANOMALÍA_PROB)
[2026-05-02 06:51:40] [LOOTBOX] Usuario: Admin_System abrió Caja_Clásica. Premio: $10,000,000 (ANOMALÍA_PROB)
[2026-05-02 07:21:01] [LOOTBOX] Usuario: Admin_System abrió Caja_Clásica. Premio: $10,000,000 (ANOMALÍA_PROB)
[2026-05-02 07:25:12] [LOOTBOX] Usuario: Fabrizio_Larco abrió Caja_Clásica. Premio: $10,000,000 (ANOMALÍA_PROB)
[2026-05-02 07:26:26] [LOOTBOX] Usuario: Admin_System abrió Caja_Rara. Premio: $10,000,000 (ANOMALÍA_PROB)
[2026-05-02 07:36:58] [LOOTBOX] Usuario: Admin_System abrió Caja_Clásica. Premio: $10,000,000 (ANOMALÍA_PROB)
[2026-05-02 07:48:08] [LOOTBOX] Usuario: Fabrizio_Larco abrió Caja_Rara. Premio: Minigun (ANOMALÍA_PROB)
[2026-05-02 08:00:00] [LOOTBOX] Usuario: Fabrizio_Larco abrió Caja_Clásica. Premio: $10,000,000 (ANOMALÍA_PROB)
[2026-05-02 08:14:05] [LOOTBOX] Usuario: Fabrizio_Larco abrió Caja_Clásica. Premio: Infernus (ANOMALÍA_PROB)
[2026-05-02 08:18:31] [ECONOMÍA] Usuario: JugadorNuevo transfirió $10,977,917 a CJ_Master <-- [FRAUDE ECONÓMICO]
[2026-05-02 08:39:11] [LOOTBOX] Usuario: Admin_System abrió Caja_Rara. Premio: Infernus (ANOMALÍA_PROB)
[2026-05-02 08:46:16] [ECONOMÍA] Usuario: JugadorNuevo transfirió $13,764,251 a Kendal_G <-- [FRAUDE ECONÓMICO]
[2026-05-02 09:03:06] [LOOTBOX] Usuario: Fabrizio_Larco abrió Caja_Legendaria. Premio: Mansión (ANOMALÍA_PROB)
[2026-05-02 09:12:59] [LOOTBOX] Usuario: Admin_Rogue abrió Caja_Clásica. Premio: Minigun (ANOMALÍA_PROB)
[2026-05-02 09:21:36] [LOOTBOX] Usuario: Fabrizio_Larco abrió Caja_Clásica. Premio: Infernus (ANOMALÍA_PROB)
[2026-05-02 10:02:01] [LOOTBOX] Usuario: Fabrizio_Larco abrió Caja_Clásica. Premio: Minigun (ANOMALÍA_PROB)
[2026-05-02 10:14:26] [LOOTBOX] Usuario: Fabrizio_Larco abrió Caja_Rara. Premio: Infernus (ANOMALÍA_PROB)
[2026-05-02 10:16:35] [LOOTBOX] Usuario: Admin_System abrió Caja_Clásica. Premio: Minigun (ANOMALÍA_PROB)
[2026-05-02 10:21:55] [LOOTBOX] Usuario: Fabrizio_Larco abrió Caja_Clásica. Premio: $10,000,000 (ANOMALÍA_PROB)
[2026-05-02 10:37:15] [LOOTBOX] Usuario: Fabrizio_Larco abrió Caja_Clásica. Premio: $10,000,000 (ANOMALÍA_PROB)
[2026-05-02 11:09:34] [LOOTBOX] Usuario: Fabrizio_Larco abrió Caja_Clásica. Premio: Infernus (ANOMALÍA_PROB)
[2026-05-02 11:16:00] [LOOTBOX] Usuario: Admin_Rogue abrió Caja_Clásica. Premio: $10,000,000 (ANOMALÍA_PROB)
[2026-05-02 11:22:06] [LOOTBOX] Usuario: Fabrizio_Larco abrió Caja_Clásica. Premio: Mansión (ANOMALÍA_PROB)
[2026-05-02 11:37:38] [LOOTBOX] Usuario: Admin_Rogue abrió Caja_Legendaria. Premio: Infernus (ANOMALÍA_PROB)
[2026-05-02 11:46:27] [LOOTBOX] Usuario: Fabrizio_Larco abrió Caja_Rara. Premio: Infernus (ANOMALÍA_PROB)
[2026-05-02 12:05:54] [LOOTBOX] Usuario: Admin_System abrió Caja_Clásica. Premio: $10,000,000 (ANOMALÍA_PROB)
[2026-05-02 12:12:01] [ECONOMÍA] Usuario: JugadorNuevo transfirió $14,100,086 a Tommy_V <-- [FRAUDE ECONÓMICO]
[2026-05-02 12:16:07] [LOOTBOX] Usuario: Admin_System abrió Caja_Clásica. Premio: $10,000,000 (ANOMALÍA_PROB)
[2026-05-02 13:06:29] [LOOTBOX] Usuario: Fabrizio_Larco abrió Caja_Clásica. Premio: Infernus (ANOMALÍA_PROB)
[2026-05-02 13:43:45] [LOOTBOX] Usuario: Admin_System abrió Caja_Clásica. Premio: Infernus (ANOMALÍA_PROB)
[2026-05-02 14:11:39] [LOOTBOX] Usuario: Admin_Rogue abrió Caja_Legendaria. Premio: Infernus (ANOMALÍA_PROB)
[2026-05-02 14:14:15] [LOOTBOX] Usuario: Fabrizio_Larco abrió Caja_Clásica. Premio: $10,000,000 (ANOMALÍA_PROB)
[2026-05-02 15:00:08] [LOOTBOX] Usuario: Fabrizio_Larco abrió Caja_Clásica. Premio: Mansión (ANOMALÍA_PROB)
[2026-05-02 15:54:02] [ECONOMÍA] Usuario: JugadorNuevo transfirió $5,779,520 a xX_Sniper_Xx <-- [FRAUDE ECONÓMICO]
[2026-05-02 16:08:48] [ECONOMÍA] Usuario: JugadorNuevo transfirió $6,398,190 a xX_Sniper_Xx <-- [FRAUDE ECONÓMICO]
[2026-05-02 16:38:27] [ECONOMÍA] Usuario: JugadorNuevo transfirió $5,550,242 a Tommy_V <-- [FRAUDE ECONÓMICO]
[2026-05-02 17:10:20] [ECONOMÍA] Usuario: JugadorNuevo transfirió $5,145,935 a Tommy_V <-- [FRAUDE ECONÓMICO]
[2026-05-02 17:16:54] [LOOTBOX] Usuario: Fabrizio_Larco abrió Caja_Clásica. Premio: Infernus (ANOMALÍA_PROB)
[2026-05-02 17:31:49] [LOOTBOX] Usuario: Admin_Rogue abrió Caja_Legendaria. Premio: Minigun (ANOMALÍA_PROB)
[2026-05-02 17:37:57] [LOOTBOX] Usuario: Admin_System abrió Caja_Clásica. Premio: Mansión (ANOMALÍA_PROB)
[2026-05-02 18:02:48] [LOOTBOX] Usuario: Admin_System abrió Caja_Épica. Premio: Minigun (ANOMALÍA_PROB)
[2026-05-02 18:10:18] [LOOTBOX] Usuario: Fabrizio_Larco abrió Caja_Clásica. Premio: Minigun (ANOMALÍA_PROB)
[2026-05-02 18:17:20] [LOOTBOX] Usuario: Admin_Rogue abrió Caja_Rara. Premio: Mansión (ANOMALÍA_PROB)
