[2026-05-01 00:00:43] [LOOTBOX] Usuario: Admin_System abrió Caja_Rara. Premio: Minigun (ANOMALÍA_PROB)
[2026-05-01 00:54:42] [LOOTBOX] Usuario: Admin_Rogue abrió Caja_Clásica. Premio: Minigun (ANOMALÍA_PROB)
[2026-05-01 01:15:10] [ECONOMÍA] Usuario: JugadorNuevo transfirió $14,523,947 a Kendal_G <-- [FRAUDE ECONÓMICO]
[2026-05-01 01:38:48] [LOOTBOX] Usuario: Admin_System abrió Caja_Clásica. Premio: Mansión (ANOMALÍA_PROB)
[2026-05-01 02:38:53] [LOOTBOX] Usuario: Fabrizio_Larco abrió Caja_Clásica. Premio: $10,000,000 (ANOMALÍA_PROB)
[2026-05-01 03:21:35] [LOOTBOX] Usuario: Admin_System abrió Caja_Rara. Premio: $10,000,000 (ANOMALÍA_PROB)
[2026-05-01 03:34:07] [LOOTBOX] Usuario: Admin_Rogue abrió Caja_Rara. Premio: Mansión (ANOMALÍA_PROB)
[2026-05-01 03:50:31] [LOOTBOX] Usuario: Fabrizio_Larco abrió Caja_Rara. Premio: $10,000,000 (ANOMALÍA_PROB)
[2026-05-01 04:31:23] [LOOTBOX] Usuario: Fabrizio_Larco abrió Caja_Rara. Premio: Infernus (ANOMALÍA_PROB)
[2026-05-01 04:32:53] [LOOTBOX] Usuario: Admin_System abrió Caja_Clásica. Premio: $10,000,000 (ANOMALÍA_PROB)
[2026-05-01 05:01:59] [LOOTBOX] Usuario: Admin_Rogue abrió Caja_Clásica. Premio: Mansión (ANOMALÍA_PROB)
[2026-05-01 05:17:32] [ECONOMÍA] Usuario: JugadorNuevo transfirió $11,447,823 a Tommy_V <-- [FRAUDE ECONÓMICO]
[2026-05-01 05:19:33] [ECONOMÍA] Usuario: JugadorNuevo transfirió $9,717,441 a Tommy_V <-- [FRAUDE ECONÓMICO]
[2026-05-01 05:25:40] [LOOTBOX] Usuario: Admin_Rogue abrió Caja_Clásica. Premio: Mansión (ANOMALÍA_PROB)
[2026-05-01 05:27:16] [ECONOMÍA] Usuario: JugadorNuevo transfirió $14,458,511 a Tommy_V <-- [FRAUDE ECONÓMICO]
[2026-05-01 06:18:01] [LOOTBOX] Usuario: Admin_Rogue abrió Caja_Clásica. Premio: Mansión (ANOMALÍA_PROB)
[2026-05-01 06:30:41] [LOOTBOX] Usuario: Admin_System abrió Caja_Rara. Premio: Minigun (ANOMALÍA_PROB)
[2026-05-01 06:31:22] [ECONOMÍA] Usuario: JugadorNuevo transfirió $8,202,965 a Ryder_Smoke <-- [FRAUDE ECONÓMICO]
[2026-05-01 06:43:38] [LOOTBOX] Usuario: Fabrizio_Larco abrió Caja_Rara. Premio: $10,000,000 (ANOMALÍA_PROB)
[2026-05-01 07:10:21] [LOOTBOX] Usuario: Admin_System abrió Caja_Clásica. Premio: Mansión (ANOMALÍA_PROB)
[2026-05-01 07:11:08] [LOOTBOX] Usuario: Admin_Rogue abrió Caja_Clásica. Premio: Infernus (ANOMALÍA_PROB)
[2026-05-01 07:26:42] [LOOTBOX] Usuario: Admin_Rogue abrió Caja_Clásica. Premio: $10,000,000 (ANOMALÍA_PROB)
[2026-05-01 07:37:07] [LOOTBOX] Usuario: Fabrizio_Larco abrió Caja_Legendaria. Premio: $10,000,000 (ANOMALÍA_PROB)
[2026-05-01 07:50:34] [LOOTBOX] Usuario: Admin_System abrió Caja_Clásica. Premio: Minigun (ANOMALÍA_PROB)
[2026-05-01 08:11:41] [ECONOMÍA] Usuario: JugadorNuevo transfirió $9,193,353 a CJ_Master <-- [FRAUDE ECONÓMICO]
[2026-05-01 08:19:07] [LOOTBOX] Usuario: Admin_Rogue abrió Caja_Rara. Premio: Mansión (ANOMALÍA_PROB)
[2026-05-01 09:12:50] [ECONOMÍA] Usuario: JugadorNuevo transfirió $11,932,159 a CJ_Master <-- [FRAUDE ECONÓMICO]
[2026-05-01 09:26:52] [ECONOMÍA] Usuario: JugadorNuevo transfirió $8,710,345 a xX_Sniper_Xx <-- [FRAUDE ECONÓMICO]
[2026-05-01 09:36:36] [LOOTBOX] Usuario: Admin_System abrió Caja_Clásica. Premio: Mansión (ANOMALÍA_PROB)
[2026-05-01 09:39:38] [LOOTBOX] Usuario: Admin_Rogue abrió Caja_Rara. Premio: $10,000,000 (ANOMALÍA_PROB)
[2026-05-01 09:41:44] [LOOTBOX] Usuario: Admin_Rogue abrió Caja_Épica. Premio: $10,000,000 (ANOMALÍA_PROB)
[2026-05-01 09:46:05] [LOOTBOX] Usuario: Admin_Rogue abrió Caja_Clásica. Premio: Mansión (ANOMALÍA_PROB)
[2026-05-01 09:47:32] [LOOTBOX] Usuario: Admin_Rogue abrió Caja_Rara. Premio: Mansión (ANOMALÍA_PROB)
[2026-05-01 10:09:49] [LOOTBOX] Usuario: Fabrizio_Larco abrió Caja_Rara. Premio: Infernus (ANOMALÍA_PROB)
[2026-05-01 10:31:26] [ECONOMÍA] Usuario: JugadorNuevo transfirió $14,035,048 a Kendal_G <-- [FRAUDE ECONÓMICO]
[2026-05-01 10:44:20] [LOOTBOX] Usuario: Admin_Rogue abrió Caja_Épica. Premio: Minigun (ANOMALÍA_PROB)
[2026-05-01 11:24:56] [LOOTBOX] Usuario: Fabrizio_Larco abrió Caja_Clásica. Premio: Mansión (ANOMALÍA_PROB)
[2026-05-01 11:29:38] [LOOTBOX] Usuario: Admin_System abrió Caja_Clásica. Premio: Infernus (ANOMALÍA_PROB)
[2026-05-01 11:50:33] [LOOTBOX] Usuario: Fabrizio_Larco abrió Caja_Clásica. Premio: $10,000,000 (ANOMALÍA_PROB)
[2026-05-01 12:33:44] [LOOTBOX] Usuario: Admin_System abrió Caja_Rara. Premio: Infernus (ANOMALÍA_PROB)
[2026-05-01 12:37:06] [LOOTBOX] Usuario: Fabrizio_Larco abrió Caja_Épica. Premio: Mansión (ANOMALÍA_PROB)
[2026-05-01 12:45:47] [LOOTBOX] Usuario: Admin_Rogue abrió Caja_Clásica. Premio: Mansión (ANOMALÍA_PROB)
[2026-05-01 13:10:03] [LOOTBOX] Usuario: Admin_System abrió Caja_Clásica. Premio: Minigun (ANOMALÍA_PROB)
[2026-05-01 13:33:34] [LOOTBOX] Usuario: Admin_Rogue abrió Caja_Épica. Premio: Infernus (ANOMALÍA_PROB)
[2026-05-01 13:35:04] [ECONOMÍA] Usuario: JugadorNuevo transfirió $9,053,736 a Tommy_V <-- [FRAUDE ECONÓMICO]
[2026-05-01 14:02:30] [LOOTBOX] Usuario: Admin_System abrió Caja_Rara. Premio: Infernus (ANOMALÍA_PROB)
[2026-05-01 14:09:18] [ECONOMÍA] Usuario: JugadorNuevo transfirió $5,071,855 a Ryder_Smoke <-- [FRAUDE ECONÓMICO]
[2026-05-01 14:45:00] [LOOTBOX] Usuario: Fabrizio_Larco abrió Caja_Clásica. Premio: Minigun (ANOMALÍA_PROB)
[2026-05-01 15:02:28] [ECONOMÍA] Usuario: JugadorNuevo transfirió $9,789,511 a Ryder_Smoke <-- [FRAUDE ECONÓMICO]
[2026-05-01 15:03:40] [LOOTBOX] Usuario: Fabrizio_Larco abrió Caja_Clásica. Premio: Infernus (ANOMALÍA_PROB)
[2026-05-01 15:18:26] [LOOTBOX] Usuario: Fabrizio_Larco abrió Caja_Clásica. Premio: Minigun (ANOMALÍA_PROB)
[2026-05-01 15:18:35] [LOOTBOX] Usuario: Fabrizio_Larco abrió Caja_Clásica. Premio: Infernus (ANOMALÍA_PROB)
[2026-05-01 15:30:57] [LOOTBOX] Usuario: Admin_Rogue abrió Caja_Clásica. Premio: $10,000,000 (ANOMALÍA_PROB)
[2026-05-01 15:47:08] [LOOTBOX] Usuario: Admin_System abrió Caja_Clásica. Premio: Infernus (ANOMALÍA_PROB)
[2026-05-01 16:16:46] [LOOTBOX] Usuario: Admin_System abrió Caja_Épica. Premio: $10,000,000 (ANOMALÍA_PROB)
[2026-05-01 16:31:40] [ECONOMÍA] Usuario: JugadorNuevo transfirió $6,016,433 a xX_Sniper_Xx <-- [FRAUDE ECONÓMICO]
[2026-05-01 16:48:28] [LOOTBOX] Usuario: Fabrizio_Larco abrió Caja_Rara. Premio: $10,000,000 (ANOMALÍA_PROB)
[2026-05-01 16:50:07] [LOOTBOX] Usuario: Admin_System abrió Caja_Clásica. Premio: $10,000,000 (ANOMALÍA_PROB)
[2026-05-01 17:18:37] [LOOTBOX] Usuario: Admin_System abrió Caja_Clásica. Premio: Minigun (ANOMALÍA_PROB)
[2026-05-01 17:25:03] [LOOTBOX] Usuario: Fabrizio_Larco abrió Caja_Clásica. Premio: Mansión (ANOMALÍA_PROB)
[2026-05-01 17:30:55] [LOOTBOX] Usuario: Admin_System abrió Caja_Rara. Premio: $10,000,000 (ANOMALÍA_PROB)
[2026-05-01 17:42:02] [LOOTBOX] Usuario: Admin_Rogue abrió Caja_Clásica. Premio: Mansión (ANOMALÍA_PROB)
[2026-05-01 18:17:25] [LOOTBOX] Usuario: Admin_System abrió Caja_Clásica. Premio: Infernus (ANOMALÍA_PROB)
[2026-05-01 18:33:20] [LOOTBOX] Usuario: Admin_System abrió Caja_Clásica. Premio: Infernus (ANOMALÍA_PROB)
[2026-05-01 18:45:05] [ECONOMÍA] Usuario: JugadorNuevo transfirió $9,185,036 a xX_Sniper_Xx <-- [FRAUDE ECONÓMICO]
[2026-05-01 18:51:09] [LOOTBOX] Usuario: Admin_Rogue abrió Caja_Clásica. Premio: $10,000,000 (ANOMALÍA_PROB)
[2026-05-01 18:53:01] [ECONOMÍA] Usuario: JugadorNuevo transfirió $14,230,057 a xX_Sniper_Xx <-- [FRAUDE ECONÓMICO]
[2026-05-01 19:02:27] [LOOTBOX] Usuario: Admin_Rogue abrió Caja_Rara. Premio: Minigun (ANOMALÍA_PROB)
[2026-05-01 19:29:53] [LOOTBOX] Usuario: Fabrizio_Larco abrió Caja_Clásica. Premio: Infernus (ANOMALÍA_PROB)
[2026-05-01 19:35:33] [LOOTBOX] Usuario: Fabrizio_Larco abrió Caja_Clásica. Premio: Mansión (ANOMALÍA_PROB)
[2026-05-01 20:07:58] [LOOTBOX] Usuario: Admin_Rogue abrió Caja_Rara. Premio: Infernus (ANOMALÍA_PROB)
[2026-05-01 20:35:17] [LOOTBOX] Usuario: Admin_Rogue abrió Caja_Clásica. Premio: Infernus (ANOMALÍA_PROB)
[2026-05-01 20:53:40] [LOOTBOX] Usuario: Fabrizio_Larco abrió Caja_Clásica. Premio: $10,000,000 (ANOMALÍA_PROB)
[2026-05-01 21:09:39] [LOOTBOX] Usuario: Admin_System abrió Caja_Rara. Premio: Minigun (ANOMALÍA_PROB)
[2026-05-01 21:15:34] [LOOTBOX] Usuario: Admin_System abrió Caja_Clásica. Premio: $10,000,000 (ANOMALÍA_PROB)
[2026-05-01 21:36:42] [LOOTBOX] Usuario: Admin_Rogue abrió Caja_Rara. Premio: $10,000,000 (ANOMALÍA_PROB)
[2026-05-01 21:38:42] [LOOTBOX] Usuario: Fabrizio_Larco abrió Caja_Rara. Premio: Infernus (ANOMALÍA_PROB)
[2026-05-01 21:39:11] [LOOTBOX] Usuario: Admin_Rogue abrió Caja_Rara. Premio: Infernus (ANOMALÍA_PROB)
[2026-05-01 21:41:43] [LOOTBOX] Usuario: Fabrizio_Larco abrió Caja_Clásica. Premio: Minigun (ANOMALÍA_PROB)
[2026-05-01 21:47:02] [LOOTBOX] Usuario: Admin_Rogue abrió Caja_Épica. Premio: Mansión (ANOMALÍA_PROB)
[2026-05-01 21:49:38] [ECONOMÍA] Usuario: JugadorNuevo transfirió $14,819,437 a Ryder_Smoke <-- [FRAUDE ECONÓMICO]
[2026-05-01 22:02:20] [LOOTBOX] Usuario: Admin_Rogue abrió Caja_Clásica. Premio: Minigun (ANOMALÍA_PROB)
[2026-05-01 23:05:51] [LOOTBOX] Usuario: Admin_System abrió Caja_Clásica. Premio: Minigun (ANOMALÍA_PROB)
[2026-05-01 23:09:18] [LOOTBOX] Usuario: Admin_Rogue abrió Caja_Clásica. Premio: Mansión (ANOMALÍA_PROB)
[2026-05-01 23:15:04] [ECONOMÍA] Usuario: JugadorNuevo transfirió $5,020,728 a CJ_Master <-- [FRAUDE ECONÓMICO]
[2026-05-01 23:17:30] [LOOTBOX] Usuario: Admin_Rogue abrió Caja_Clásica. Premio: $10,000,000 (ANOMALÍA_PROB)
[2026-05-01 23:39:12] [LOOTBOX] Usuario: Admin_System abrió Caja_Clásica. Premio: Minigun (ANOMALÍA_PROB)
[2026-05-02 00:03:42] [LOOTBOX] Usuario: Admin_System abrió Caja_Rara. Premio: $10,000,000 (ANOMALÍA_PROB)
[2026-05-02 00:37:23] [ECONOMÍA] Usuario: JugadorNuevo transfirió $13,156,955 a Kendal_G <-- [FRAUDE ECONÓMICO]
[2026-05-02 00:46:59] [ECONOMÍA] Usuario: JugadorNuevo transfirió $9,699,218 a CJ_Master <-- [FRAUDE ECONÓMICO]
[2026-05-02 01:00:47] [LOOTBOX] Usuario: Admin_System abrió Caja_Clásica. Premio: Minigun (ANOMALÍA_PROB)
[2026-05-02 01:04:05] [LOOTBOX] Usuario: Fabrizio_Larco abrió Caja_Clásica. Premio: Mansión (ANOMALÍA_PROB)
[2026-05-02 01:45:57] [LOOTBOX] Usuario: Fabrizio_Larco abrió Caja_Épica. Premio: Mansión (ANOMALÍA_PROB)
[2026-05-02 02:00:51] [LOOTBOX] Usuario: Fabrizio_Larco abrió Caja_Legendaria. Premio: Minigun (ANOMALÍA_PROB)
[2026-05-02 02:11:13] [LOOTBOX] Usuario: Admin_Rogue abrió Caja_Clásica. Premio: Mansión (ANOMALÍA_PROB)
[2026-05-02 02:23:48] [LOOTBOX] Usuario: Admin_System abrió Caja_Clásica. Premio: Minigun (ANOMALÍA_PROB)
[2026-05-02 02:26:21] [ECONOMÍA] Usuario: JugadorNuevo transfirió $13,889,181 a CJ_Master <-- [FRAUDE ECONÓMICO]
[2026-05-02 02:30:07] [LOOTBOX] Usuario: Admin_Rogue abrió Caja_Clásica. Premio: Mansión (ANOMALÍA_PROB)
[2026-05-02 03:14:57] [LOOTBOX] Usuario: Fabrizio_Larco abrió Caja_Clásica. Premio: $10,000,000 (ANOMALÍA_PROB)
[2026-05-02 03:58:20] [LOOTBOX] Usuario: Admin_System abrió Caja_Clásica. Premio: Infernus (ANOMALÍA_PROB)
[2026-05-02 04:14:47] [LOOTBOX] Usuario: Admin_Rogue abrió Caja_Épica. Premio: Minigun (ANOMALÍA_PROB)
[2026-05-02 04:36:17] [LOOTBOX] Usuario: Admin_System abrió Caja_Clásica. Premio: Mansión (ANOMALÍA_PROB)
[2026-05-02 04:39:25] [LOOTBOX] Usuario: Admin_Rogue abrió Caja_Épica. Premio: Infernus (ANOMALÍA_PROB)
[2026-05-02 04:51:03] [LOOTBOX] Usuario: Admin_System abrió Caja_Clásica. Premio: $10,000,000 (ANOMALÍA_PROB)
[2026-05-02 04:53:54] [LOOTBOX] Usuario: Admin_Rogue abrió Caja_Épica. Premio: Mansión (ANOMALÍA_PROB)
[2026-05-02 05:09:47] [LOOTBOX] Usuario: Admin_Rogue abrió Caja_Clásica. Premio: Mansión (ANOMALÍA_PROB)
[2026-05-02 05:34:31] [LOOTBOX] Usuario: Admin_System abrió Caja_Clásica. Premio: $10,000,000 (ANOMALÍA_PROB)
[2026-05-02 05:38:38] [LOOTBOX] Usuario: Admin_Rogue abrió Caja_Clásica. Premio: Minigun (ANOMALÍA_PROB)
[2026-05-02 05:52:48] [LOOTBOX] Usuario: Admin_Rogue abrió Caja_Clásica. Premio: Mansión (ANOMALÍA_PROB)
[2026-05-02 06:13:00] [LOOTBOX] Usuario: Admin_Rogue abrió Caja_Rara. Premio: $10,000,000 (ANOMALÍA_PROB)
[2026-05-02 06:16:24] [LOOTBOX] Usuario: Fabrizio_Larco abrió Caja_Épica. Premio: $10,000,000 (ANOMALÍA_PROB)
[2026-05-02 06:35:02] [LOOTBOX] Usuario: Admin_System abrió Caja_Clásica. Premio: Minigun (ANOMALÍA_PROB)
[2026-05-02 06:57:38] [LOOTBOX] Usuario: Fabrizio_Larco abrió Caja_Rara. Premio: Infernus (ANOMALÍA_PROB)
[2026-05-02 07:05:38] [LOOTBOX] Usuario: Admin_Rogue abrió Caja_Rara. Premio: Mansión (ANOMALÍA_PROB)
[2026-05-02 07:24:01] [LOOTBOX] Usuario: Fabrizio_Larco abrió Caja_Épica. Premio: $10,000,000 (ANOMALÍA_PROB)
[2026-05-02 07:32:03] [LOOTBOX] Usuario: Fabrizio_Larco abrió Caja_Clásica. Premio: Infernus (ANOMALÍA_PROB)
[2026-05-02 07:34:36] [LOOTBOX] Usuario: Admin_Rogue abrió Caja_Rara. Premio: $10,000,000 (ANOMALÍA_PROB)
[2026-05-02 07:39:11] [ECONOMÍA] Usuario: JugadorNuevo transfirió $9,512,748 a Ryder_Smoke <-- [FRAUDE ECONÓMICO]
[2026-05-02 08:15:40] [ECONOMÍA] Usuario: JugadorNuevo transfirió $12,372,894 a Ryder_Smoke <-- [FRAUDE ECONÓMICO]
[2026-05-02 08:22:32] [LOOTBOX] Usuario: Admin_Rogue abrió Caja_Rara. Premio: Infernus (ANOMALÍA_PROB)
[2026-05-02 08:56:00] [LOOTBOX] Usuario: Admin_Rogue abrió Caja_Clásica. Premio: Mansión (ANOMALÍA_PROB)
[2026-05-02 08:58:14] [LOOTBOX] Usuario: Admin_System abrió Caja_Clásica. Premio: Infernus (ANOMALÍA_PROB)
[2026-05-02 09:19:05] [LOOTBOX] Usuario: Admin_Rogue abrió Caja_Épica. Premio: Minigun (ANOMALÍA_PROB)
[2026-05-02 09:25:19] [LOOTBOX] Usuario: Admin_System abrió Caja_Clásica. Premio: Mansión (ANOMALÍA_PROB)
[2026-05-02 09:57:26] [LOOTBOX] Usuario: Admin_System abrió Caja_Clásica. Premio: Infernus (ANOMALÍA_PROB)
[2026-05-02 10:24:37] [LOOTBOX] Usuario: Admin_Rogue abrió Caja_Clásica. Premio: Infernus (ANOMALÍA_PROB)
[2026-05-02 10:44:54] [LOOTBOX] Usuario: Admin_System abrió Caja_Rara. Premio: Minigun (ANOMALÍA_PROB)
[2026-05-02 11:17:39] [LOOTBOX] Usuario: Fabrizio_Larco abrió Caja_Clásica. Premio: Infernus (ANOMALÍA_PROB)
[2026-05-02 11:37:14] [LOOTBOX] Usuario: Admin_System abrió Caja_Clásica. Premio: Mansión (ANOMALÍA_PROB)
[2026-05-02 12:14:43] [LOOTBOX] Usuario: Admin_System abrió Caja_Clásica. Premio: Infernus (ANOMALÍA_PROB)
[2026-05-02 12:36:31] [LOOTBOX] Usuario: Admin_Rogue abrió Caja_Clásica. Premio: Infernus (ANOMALÍA_PROB)
[2026-05-02 12:43:29] [LOOTBOX] Usuario: Fabrizio_Larco abrió Caja_Clásica. Premio: $10,000,000 (ANOMALÍA_PROB)
[2026-05-02 12:55:06] [LOOTBOX] Usuario: Admin_System abrió Caja_Clásica. Premio: Minigun (ANOMALÍA_PROB)
[2026-05-02 13:25:43] [LOOTBOX] Usuario: Admin_Rogue abrió Caja_Clásica. Premio: Minigun (ANOMALÍA_PROB)
[2026-05-02 13:47:53] [LOOTBOX] Usuario: Fabrizio_Larco abrió Caja_Épica. Premio: $10,000,000 (ANOMALÍA_PROB)
[2026-05-02 13:53:43] [LOOTBOX] Usuario: Admin_Rogue abrió Caja_Rara. Premio: Minigun (ANOMALÍA_PROB)
[2026-05-02 13:55:41] [LOOTBOX] Usuario: Admin_Rogue abrió Caja_Rara. Premio: $10,000,000 (ANOMALÍA_PROB)
[2026-05-02 14:02:37] [ECONOMÍA] Usuario: JugadorNuevo transfirió $9,173,670 a Ryder_Smoke <-- [FRAUDE ECONÓMICO]
[2026-05-02 14:05:05] [LOOTBOX] Usuario: Admin_Rogue abrió Caja_Rara. Premio: $10,000,000 (ANOMALÍA_PROB)
[2026-05-02 14:07:58] [LOOTBOX] Usuario: Fabrizio_Larco abrió Caja_Rara. Premio: Mansión (ANOMALÍA_PROB)
[2026-05-02 14:14:12] [LOOTBOX] Usuario: Fabrizio_Larco abrió Caja_Épica. Premio: $10,000,000 (ANOMALÍA_PROB)
[2026-05-02 14:28:20] [LOOTBOX] Usuario: Admin_System abrió Caja_Clásica. Premio: $10,000,000 (ANOMALÍA_PROB)
[2026-05-02 14:30:36] [LOOTBOX] Usuario: Fabrizio_Larco abrió Caja_Rara. Premio: Mansión (ANOMALÍA_PROB)
[2026-05-02 14:33:47] [LOOTBOX] Usuario: Admin_Rogue abrió Caja_Épica. Premio: Mansión (ANOMALÍA_PROB)
[2026-05-02 14:44:24] [ECONOMÍA] Usuario: JugadorNuevo transfirió $14,766,121 a Tommy_V <-- [FRAUDE ECONÓMICO]
[2026-05-02 15:12:59] [LOOTBOX] Usuario: Admin_Rogue abrió Caja_Clásica. Premio: Minigun (ANOMALÍA_PROB)
[2026-05-02 15:30:19] [LOOTBOX] Usuario: Admin_System abrió Caja_Clásica. Premio: Minigun (ANOMALÍA_PROB)
[2026-05-02 16:44:29] [LOOTBOX] Usuario: Admin_System abrió Caja_Legendaria. Premio: Minigun (ANOMALÍA_PROB)
[2026-05-02 16:49:03] [LOOTBOX] Usuario: Admin_Rogue abrió Caja_Rara. Premio: $10,000,000 (ANOMALÍA_PROB)
[2026-05-02 16:53:14] [LOOTBOX] Usuario: Admin_System abrió Caja_Épica. Premio: $10,000,000 (ANOMALÍA_PROB)
[2026-05-02 17:16:44] [LOOTBOX] Usuario: Fabrizio_Larco abrió Caja_Clásica. Premio: $10,000,000 (ANOMALÍA_PROB)
[2026-05-02 17:26:56] [LOOTBOX] Usuario: Admin_System abrió Caja_Legendaria. Premio: $10,000,000 (ANOMALÍA_PROB)
[2026-05-02 17:29:54] [LOOTBOX] Usuario: Admin_System abrió Caja_Rara. Premio: Infernus (ANOMALÍA_PROB)
[2026-05-02 17:39:12] [LOOTBOX] Usuario: Admin_System abrió Caja_Rara. Premio: Mansión (ANOMALÍA_PROB)
[2026-05-02 17:41:18] [LOOTBOX] Usuario: Admin_Rogue abrió Caja_Clásica. Premio: Minigun (ANOMALÍA_PROB)
